---------------------------------------------------------------
[ 2019-01-04T09:08:00+08:00 ] 127.0.0.1 GET /
[ info ] code.com/ [运行时间：0.045958s][吞吐率：21.76req/s] [内存消耗：1,348.20kb] [文件加载：39]
[ info ] [ LANG ] F:\phpStudy\WWW\tp-code-gen\thinkphp\lang\zh-cn.php
[ info ] [ ROUTE ] array (
  'type' => 'module',
  'module' => 
  array (
    0 => '',
    1 => NULL,
    2 => NULL,
  ),
)
[ info ] [ HEADER ] array (
  'host' => 'code.com',
  'connection' => 'keep-alive',
  'cache-control' => 'max-age=0',
  'upgrade-insecure-requests' => '1',
  'user-agent' => 'Mozilla/5.0 (Windows NT 10.0; WOW64) AppleWebKit/537.36 (KHTML, like Gecko) Chrome/56.0.2924.90 Safari/537.36 2345Explorer/9.5.2.18321',
  'accept' => 'text/html,application/xhtml+xml,application/xml;q=0.9,image/webp,*/*;q=0.8',
  'accept-encoding' => 'gzip, deflate',
  'accept-language' => 'zh-CN,zh;q=0.8',
  'cookie' => 'pgv_pvi=8781605888',
)
[ info ] [ PARAM ] array (
)
[ info ] [ LOG ] INIT File
---------------------------------------------------------------
[ 2019-01-04T11:06:48+08:00 ] 127.0.0.1 GET /static/admin/public.html
[ info ] code.com/static/admin/public.html [运行时间：0.039383s][吞吐率：25.39req/s] [内存消耗：1,342.75kb] [文件加载：38]
[ info ] [ LANG ] F:\phpStudy\WWW\tp-code-gen\thinkphp\lang\zh-cn.php
[ info ] [ ROUTE ] array (
  'type' => 'module',
  'module' => 
  array (
    0 => 'static',
    1 => 'admin',
    2 => 'public',
  ),
)
[ info ] [ HEADER ] array (
  'host' => 'code.com',
  'connection' => 'keep-alive',
  'pragma' => 'no-cache',
  'cache-control' => 'no-cache',
  'upgrade-insecure-requests' => '1',
  'user-agent' => 'Mozilla/5.0 (Windows NT 10.0; WOW64) AppleWebKit/537.36 (KHTML, like Gecko) Chrome/56.0.2924.90 Safari/537.36 2345Explorer/9.5.2.18321',
  'accept' => 'text/html,application/xhtml+xml,application/xml;q=0.9,image/webp,*/*;q=0.8',
  'accept-encoding' => 'gzip, deflate',
  'accept-language' => 'zh-CN,zh;q=0.8',
  'cookie' => 'pgv_pvi=8781605888; PHPSESSID=hcum1ainp6hlcp558boe8uh6r2',
)
[ info ] [ PARAM ] array (
)
[ info ] [ LOG ] INIT File
---------------------------------------------------------------
[ 2019-01-04T11:37:34+08:00 ] 127.0.0.1 GET /static/temp/public-file.html
[ info ] code.com/static/temp/public-file.html [运行时间：0.037416s][吞吐率：26.73req/s] [内存消耗：1,342.38kb] [文件加载：38]
[ info ] [ LANG ] F:\phpStudy\WWW\tp-code-gen\thinkphp\lang\zh-cn.php
[ info ] [ ROUTE ] array (
  'type' => 'module',
  'module' => 
  array (
    0 => 'static',
    1 => 'temp',
    2 => 'public-file',
  ),
)
[ info ] [ HEADER ] array (
  'host' => 'code.com',
  'connection' => 'keep-alive',
  'upgrade-insecure-requests' => '1',
  'user-agent' => 'Mozilla/5.0 (Windows NT 10.0; WOW64) AppleWebKit/537.36 (KHTML, like Gecko) Chrome/56.0.2924.90 Safari/537.36 2345Explorer/9.5.2.18321',
  'accept' => 'text/html,application/xhtml+xml,application/xml;q=0.9,image/webp,*/*;q=0.8',
  'accept-encoding' => 'gzip, deflate',
  'accept-language' => 'zh-CN,zh;q=0.8',
  'cookie' => 'pgv_pvi=8781605888; PHPSESSID=hcum1ainp6hlcp558boe8uh6r2',
)
[ info ] [ PARAM ] array (
)
[ info ] [ LOG ] INIT File
---------------------------------------------------------------
[ 2019-01-04T13:34:27+08:00 ] 127.0.0.1 GET /temp/table-list.html
[ info ] code.com/temp/table-list.html [运行时间：0.037619s][吞吐率：26.58req/s] [内存消耗：1,342.67kb] [文件加载：38]
[ info ] [ LANG ] F:\phpStudy\WWW\tp-code-gen\thinkphp\lang\zh-cn.php
[ info ] [ ROUTE ] array (
  'type' => 'module',
  'module' => 
  array (
    0 => 'temp',
    1 => 'table-list',
    2 => NULL,
  ),
)
[ info ] [ HEADER ] array (
  'host' => 'code.com',
  'connection' => 'keep-alive',
  'upgrade-insecure-requests' => '1',
  'user-agent' => 'Mozilla/5.0 (Windows NT 10.0; WOW64) AppleWebKit/537.36 (KHTML, like Gecko) Chrome/56.0.2924.90 Safari/537.36 2345Explorer/9.5.2.18321',
  'accept' => 'text/html,application/xhtml+xml,application/xml;q=0.9,image/webp,*/*;q=0.8',
  'referer' => 'http://code.com/temp/model.html',
  'accept-encoding' => 'gzip, deflate',
  'accept-language' => 'zh-CN,zh;q=0.8',
  'cookie' => 'pgv_pvi=8781605888; PHPSESSID=hcum1ainp6hlcp558boe8uh6r2',
)
[ info ] [ PARAM ] array (
)
[ info ] [ LOG ] INIT File
