---------------------------------------------------------------
[ 2019-01-23T09:21:53+08:00 ] 127.0.0.1 GET /
[ info ] code.com/ [运行时间：0.192611s][吞吐率：5.19req/s] [内存消耗：1,345.76kb] [文件加载：39]
[ info ] [ LANG ] F:\phpStudy\WWW\tp-code-gen\thinkphp\lang\zh-cn.php
[ info ] [ ROUTE ] array (
  'type' => 'module',
  'module' => 
  array (
    0 => '',
    1 => NULL,
    2 => NULL,
  ),
)
[ info ] [ HEADER ] array (
  'host' => 'code.com',
  'accept' => '*/*',
)
[ info ] [ PARAM ] array (
)
[ info ] [ LOG ] INIT File
---------------------------------------------------------------
[ 2019-01-23T09:21:53+08:00 ] 127.0.0.1 GET HTTP://code.com/
[ info ] code.comHTTP://code.com/ [运行时间：0.037147s][吞吐率：26.92req/s] [内存消耗：1,346.09kb] [文件加载：39]
[ info ] [ LANG ] F:\phpStudy\WWW\tp-code-gen\thinkphp\lang\zh-cn.php
[ info ] [ ROUTE ] array (
  'type' => 'module',
  'module' => 
  array (
    0 => '',
    1 => NULL,
    2 => NULL,
  ),
)
[ info ] [ HEADER ] array (
  'host' => 'code.com',
  'accept' => '*/*',
  'proxy-connection' => 'Keep-Alive',
)
[ info ] [ PARAM ] array (
)
[ info ] [ LOG ] INIT File
