---------------------------------------------------------------
[ 2019-01-02T16:16:54+08:00 ] 127.0.0.1 GET /tph2/
[ info ] code.com/tph2/ [运行时间：0.124957s][吞吐率：8.00req/s] [内存消耗：2,403.45kb] [文件加载：50]
[ info ] [ LANG ] F:\phpStudy\WWW\tp-code-gen\thinkphp\lang\zh-cn.php
[ info ] [ BIND ] 'tph2'
[ info ] [ ROUTE ] array (
  'type' => 'module',
  'module' => 
  array (
    0 => 'tph2',
    1 => NULL,
    2 => NULL,
  ),
)
[ info ] [ HEADER ] array (
  'host' => 'code.com',
  'connection' => 'keep-alive',
  'upgrade-insecure-requests' => '1',
  'user-agent' => 'Mozilla/5.0 (Windows NT 10.0; WOW64) AppleWebKit/537.36 (KHTML, like Gecko) Chrome/56.0.2924.90 Safari/537.36 2345Explorer/9.5.0.17997',
  'accept' => 'text/html,application/xhtml+xml,application/xml;q=0.9,image/webp,*/*;q=0.8',
  'accept-encoding' => 'gzip, deflate',
  'accept-language' => 'zh-CN,zh;q=0.8',
  'cookie' => 'pgv_pvi=8781605888; pgv_si=s7814781952',
)
[ info ] [ PARAM ] array (
)
[ info ] [ DB ] INIT sqlite
[ info ] [ RUN ] app\tph2\Controller\Index->index[ F:\phpStudy\WWW\tp-code-gen\public\tph2\application\tph2\controller\Index.php ]
[ info ] [ VIEW ] template/\help.html [ array (
  0 => 'pk',
  1 => 'trueTable',
) ]
[ info ] [ LOG ] INIT File
[ sql ] [ DB ] CONNECT:[ UseTime:0.004985s ] sqlite:./db/tph.db
[ sql ] [ SQL ] PRAGMA table_info( config ) [ RunTime:0.000530s ]
[ sql ] [ SQL ] SELECT value FROM config WHERE  name = 'projectPath' LIMIT 1 [ RunTime:0.000164s ]
[ sql ] [ SQL ] SELECT value FROM config WHERE  name = 'projectPath' LIMIT 1 [ RunTime:0.000169s ]
---------------------------------------------------------------
[ 2019-01-02T16:16:57+08:00 ] 127.0.0.1 POST /tph2/Index/checkVersion.html
[ info ] code.com/tph2/Index/checkVersion.html [运行时间：1.941380s][吞吐率：0.52req/s] [内存消耗：2,142.30kb] [文件加载：44]
[ info ] [ LANG ] F:\phpStudy\WWW\tp-code-gen\thinkphp\lang\zh-cn.php
[ info ] [ BIND ] 'tph2'
[ info ] [ ROUTE ] array (
  'type' => 'module',
  'module' => 
  array (
    0 => 'tph2',
    1 => 'Index',
    2 => 'checkVersion',
  ),
)
[ info ] [ HEADER ] array (
  'host' => 'code.com',
  'connection' => 'keep-alive',
  'content-length' => '0',
  'accept' => '*/*',
  'origin' => 'http://code.com',
  'x-requested-with' => 'XMLHttpRequest',
  'user-agent' => 'Mozilla/5.0 (Windows NT 10.0; WOW64) AppleWebKit/537.36 (KHTML, like Gecko) Chrome/56.0.2924.90 Safari/537.36 2345Explorer/9.5.0.17997',
  'referer' => 'http://code.com/tph2/',
  'accept-encoding' => 'gzip, deflate',
  'accept-language' => 'zh-CN,zh;q=0.8',
  'cookie' => 'thinkphp_show_page_trace=0|0; pgv_pvi=8781605888; pgv_si=s7814781952',
)
[ info ] [ PARAM ] array (
)
[ info ] [ DB ] INIT sqlite
[ info ] [ RUN ] app\tph2\Controller\Index->checkVersion[ F:\phpStudy\WWW\tp-code-gen\public\tph2\application\tph2\controller\Index.php ]
[ info ] [ LOG ] INIT File
[ sql ] [ DB ] CONNECT:[ UseTime:0.000396s ] sqlite:./db/tph.db
[ sql ] [ SQL ] PRAGMA table_info( config ) [ RunTime:0.000340s ]
[ sql ] [ SQL ] SELECT value FROM config WHERE  name = 'projectPath' LIMIT 1 [ RunTime:0.000162s ]
[ sql ] [ SQL ] SELECT value FROM config WHERE  name = 'projectPath' LIMIT 1 [ RunTime:0.000264s ]
---------------------------------------------------------------
[ 2019-01-02T16:16:58+08:00 ] 127.0.0.1 GET /tph2/
[ info ] code.com/tph2/ [运行时间：0.046971s][吞吐率：21.29req/s] [内存消耗：2,244.20kb] [文件加载：48]
[ info ] [ LANG ] F:\phpStudy\WWW\tp-code-gen\thinkphp\lang\zh-cn.php
[ info ] [ BIND ] 'tph2'
[ info ] [ ROUTE ] array (
  'type' => 'module',
  'module' => 
  array (
    0 => 'tph2',
    1 => NULL,
    2 => NULL,
  ),
)
[ info ] [ HEADER ] array (
  'host' => 'code.com',
  'connection' => 'keep-alive',
  'cache-control' => 'max-age=0',
  'upgrade-insecure-requests' => '1',
  'user-agent' => 'Mozilla/5.0 (Windows NT 10.0; WOW64) AppleWebKit/537.36 (KHTML, like Gecko) Chrome/56.0.2924.90 Safari/537.36 2345Explorer/9.5.0.17997',
  'accept' => 'text/html,application/xhtml+xml,application/xml;q=0.9,image/webp,*/*;q=0.8',
  'accept-encoding' => 'gzip, deflate',
  'accept-language' => 'zh-CN,zh;q=0.8',
  'cookie' => 'thinkphp_show_page_trace=0|0; pgv_pvi=8781605888; pgv_si=s7814781952',
)
[ info ] [ PARAM ] array (
)
[ info ] [ DB ] INIT sqlite
[ info ] [ RUN ] app\tph2\Controller\Index->index[ F:\phpStudy\WWW\tp-code-gen\public\tph2\application\tph2\controller\Index.php ]
[ info ] [ VIEW ] template/\help.html [ array (
  0 => 'pk',
  1 => 'trueTable',
) ]
[ info ] [ LOG ] INIT File
[ sql ] [ DB ] CONNECT:[ UseTime:0.000254s ] sqlite:./db/tph.db
[ sql ] [ SQL ] PRAGMA table_info( config ) [ RunTime:0.000341s ]
[ sql ] [ SQL ] SELECT value FROM config WHERE  name = 'projectPath' LIMIT 1 [ RunTime:0.000149s ]
[ sql ] [ SQL ] SELECT value FROM config WHERE  name = 'projectPath' LIMIT 1 [ RunTime:0.000167s ]
---------------------------------------------------------------
[ 2019-01-02T16:17:00+08:00 ] 127.0.0.1 GET /tph2/ControllerCode
[ info ] code.com/tph2/ControllerCode [运行时间：0.088892s][吞吐率：11.25req/s] [内存消耗：2,606.03kb] [文件加载：52]
[ info ] [ LANG ] F:\phpStudy\WWW\tp-code-gen\thinkphp\lang\zh-cn.php
[ info ] [ BIND ] 'tph2'
[ info ] [ ROUTE ] array (
  'type' => 'module',
  'module' => 
  array (
    0 => 'tph2',
    1 => 'ControllerCode',
    2 => NULL,
  ),
)
[ info ] [ HEADER ] array (
  'host' => 'code.com',
  'connection' => 'keep-alive',
  'upgrade-insecure-requests' => '1',
  'user-agent' => 'Mozilla/5.0 (Windows NT 10.0; WOW64) AppleWebKit/537.36 (KHTML, like Gecko) Chrome/56.0.2924.90 Safari/537.36 2345Explorer/9.5.0.17997',
  'accept' => 'text/html,application/xhtml+xml,application/xml;q=0.9,image/webp,*/*;q=0.8',
  'referer' => 'http://code.com/tph2/',
  'accept-encoding' => 'gzip, deflate',
  'accept-language' => 'zh-CN,zh;q=0.8',
  'cookie' => 'thinkphp_show_page_trace=0|0; pgv_pvi=8781605888; pgv_si=s7814781952',
)
[ info ] [ PARAM ] array (
)
[ info ] [ DB ] INIT sqlite
[ info ] [ RUN ] app\tph2\Controller\ControllerCode->index[ F:\phpStudy\WWW\tp-code-gen\public\tph2\application\tph2\controller\ControllerCode.php ]
[ info ] [ DB ] INIT mysql
[ info ] [ SESSION ] INIT array (
  'id' => '',
  'var_session_id' => '',
  'prefix' => 'think',
  'type' => '',
  'auto_start' => true,
)
[ info ] [ VIEW ] template/ControllerCode\index.html [ array (
  0 => 'pk',
  1 => 'trueTable',
  2 => 'tableNameList',
  3 => 'moduleNameList',
  4 => 'selectTableName',
  5 => 'db_prefix',
  6 => 'moduleName',
) ]
[ info ] [ LOG ] INIT File
[ sql ] [ DB ] CONNECT:[ UseTime:0.000256s ] sqlite:./db/tph.db
[ sql ] [ SQL ] PRAGMA table_info( config ) [ RunTime:0.000343s ]
[ sql ] [ SQL ] SELECT value FROM config WHERE  name = 'projectPath' LIMIT 1 [ RunTime:0.000147s ]
[ sql ] [ SQL ] SELECT value FROM config WHERE  name = 'projectPath' LIMIT 1 [ RunTime:0.000160s ]
[ sql ] [ DB ] CONNECT:[ UseTime:0.002095s ] mysql:host=127.0.0.1;dbname=tp-code-gen;charset=utf8
[ sql ] [ SQL ] select table_name from information_schema.tables where table_schema='tp-code-gen' and table_type='base table' [ RunTime:0.001748s ]
[ sql ] [ SQL ] SELECT value FROM config WHERE  name = 'projectPath' LIMIT 1 [ RunTime:0.000260s ]
[ sql ] [ SQL ] SELECT value FROM config WHERE  name = 'moduleName' LIMIT 1 [ RunTime:0.000201s ]
---------------------------------------------------------------
[ 2019-01-02T16:17:02+08:00 ] 127.0.0.1 POST /tph2/Index/checkVersion.html
[ info ] code.com/tph2/Index/checkVersion.html [运行时间：1.589724s][吞吐率：0.63req/s] [内存消耗：2,142.41kb] [文件加载：44]
[ info ] [ LANG ] F:\phpStudy\WWW\tp-code-gen\thinkphp\lang\zh-cn.php
[ info ] [ BIND ] 'tph2'
[ info ] [ ROUTE ] array (
  'type' => 'module',
  'module' => 
  array (
    0 => 'tph2',
    1 => 'Index',
    2 => 'checkVersion',
  ),
)
[ info ] [ HEADER ] array (
  'host' => 'code.com',
  'connection' => 'keep-alive',
  'content-length' => '0',
  'accept' => '*/*',
  'origin' => 'http://code.com',
  'x-requested-with' => 'XMLHttpRequest',
  'user-agent' => 'Mozilla/5.0 (Windows NT 10.0; WOW64) AppleWebKit/537.36 (KHTML, like Gecko) Chrome/56.0.2924.90 Safari/537.36 2345Explorer/9.5.0.17997',
  'referer' => 'http://code.com/tph2/ControllerCode',
  'accept-encoding' => 'gzip, deflate',
  'accept-language' => 'zh-CN,zh;q=0.8',
  'cookie' => 'thinkphp_show_page_trace=0|0; pgv_pvi=8781605888; pgv_si=s7814781952; PHPSESSID=icts3uv291beob057ulqk65aa3',
)
[ info ] [ PARAM ] array (
)
[ info ] [ DB ] INIT sqlite
[ info ] [ RUN ] app\tph2\Controller\Index->checkVersion[ F:\phpStudy\WWW\tp-code-gen\public\tph2\application\tph2\controller\Index.php ]
[ info ] [ LOG ] INIT File
[ sql ] [ DB ] CONNECT:[ UseTime:0.000344s ] sqlite:./db/tph.db
[ sql ] [ SQL ] PRAGMA table_info( config ) [ RunTime:0.000400s ]
[ sql ] [ SQL ] SELECT value FROM config WHERE  name = 'projectPath' LIMIT 1 [ RunTime:0.000150s ]
[ sql ] [ SQL ] SELECT value FROM config WHERE  name = 'projectPath' LIMIT 1 [ RunTime:0.000880s ]
---------------------------------------------------------------
[ 2019-01-02T16:17:02+08:00 ] 127.0.0.1 POST /tph2/Index/checkVersion.html
[ info ] code.com/tph2/Index/checkVersion.html [运行时间：3.262959s][吞吐率：0.31req/s] [内存消耗：2,142.29kb] [文件加载：44]
[ info ] [ LANG ] F:\phpStudy\WWW\tp-code-gen\thinkphp\lang\zh-cn.php
[ info ] [ BIND ] 'tph2'
[ info ] [ ROUTE ] array (
  'type' => 'module',
  'module' => 
  array (
    0 => 'tph2',
    1 => 'Index',
    2 => 'checkVersion',
  ),
)
[ info ] [ HEADER ] array (
  'host' => 'code.com',
  'connection' => 'keep-alive',
  'content-length' => '0',
  'accept' => '*/*',
  'origin' => 'http://code.com',
  'x-requested-with' => 'XMLHttpRequest',
  'user-agent' => 'Mozilla/5.0 (Windows NT 10.0; WOW64) AppleWebKit/537.36 (KHTML, like Gecko) Chrome/56.0.2924.90 Safari/537.36 2345Explorer/9.5.0.17997',
  'referer' => 'http://code.com/tph2/',
  'accept-encoding' => 'gzip, deflate',
  'accept-language' => 'zh-CN,zh;q=0.8',
  'cookie' => 'thinkphp_show_page_trace=0|0; pgv_pvi=8781605888; pgv_si=s7814781952',
)
[ info ] [ PARAM ] array (
)
[ info ] [ DB ] INIT sqlite
[ info ] [ RUN ] app\tph2\Controller\Index->checkVersion[ F:\phpStudy\WWW\tp-code-gen\public\tph2\application\tph2\controller\Index.php ]
[ info ] [ LOG ] INIT File
[ sql ] [ DB ] CONNECT:[ UseTime:0.000246s ] sqlite:./db/tph.db
[ sql ] [ SQL ] PRAGMA table_info( config ) [ RunTime:0.000338s ]
[ sql ] [ SQL ] SELECT value FROM config WHERE  name = 'projectPath' LIMIT 1 [ RunTime:0.000151s ]
[ sql ] [ SQL ] SELECT value FROM config WHERE  name = 'projectPath' LIMIT 1 [ RunTime:0.000159s ]
---------------------------------------------------------------
[ 2019-01-02T16:17:03+08:00 ] 127.0.0.1 GET /tph2/Index/help
[ info ] code.com/tph2/Index/help [运行时间：0.044754s][吞吐率：22.34req/s] [内存消耗：2,247.47kb] [文件加载：48]
[ info ] [ LANG ] F:\phpStudy\WWW\tp-code-gen\thinkphp\lang\zh-cn.php
[ info ] [ BIND ] 'tph2'
[ info ] [ ROUTE ] array (
  'type' => 'module',
  'module' => 
  array (
    0 => 'tph2',
    1 => 'Index',
    2 => 'help',
  ),
)
[ info ] [ HEADER ] array (
  'host' => 'code.com',
  'connection' => 'keep-alive',
  'upgrade-insecure-requests' => '1',
  'user-agent' => 'Mozilla/5.0 (Windows NT 10.0; WOW64) AppleWebKit/537.36 (KHTML, like Gecko) Chrome/56.0.2924.90 Safari/537.36 2345Explorer/9.5.0.17997',
  'accept' => 'text/html,application/xhtml+xml,application/xml;q=0.9,image/webp,*/*;q=0.8',
  'referer' => 'http://code.com/tph2/ControllerCode',
  'accept-encoding' => 'gzip, deflate',
  'accept-language' => 'zh-CN,zh;q=0.8',
  'cookie' => 'thinkphp_show_page_trace=0|0; pgv_pvi=8781605888; pgv_si=s7814781952; PHPSESSID=icts3uv291beob057ulqk65aa3',
)
[ info ] [ PARAM ] array (
)
[ info ] [ DB ] INIT sqlite
[ info ] [ RUN ] app\tph2\Controller\Index->help[ F:\phpStudy\WWW\tp-code-gen\public\tph2\application\tph2\controller\Index.php ]
[ info ] [ VIEW ] template/\help.html [ array (
  0 => 'pk',
  1 => 'trueTable',
) ]
[ info ] [ LOG ] INIT File
[ sql ] [ DB ] CONNECT:[ UseTime:0.000259s ] sqlite:./db/tph.db
[ sql ] [ SQL ] PRAGMA table_info( config ) [ RunTime:0.000351s ]
[ sql ] [ SQL ] SELECT value FROM config WHERE  name = 'projectPath' LIMIT 1 [ RunTime:0.000146s ]
[ sql ] [ SQL ] SELECT value FROM config WHERE  name = 'projectPath' LIMIT 1 [ RunTime:0.000185s ]
---------------------------------------------------------------
[ 2019-01-02T16:17:05+08:00 ] 127.0.0.1 GET /tph2/ControllerCode
[ info ] code.com/tph2/ControllerCode [运行时间：0.060261s][吞吐率：16.59req/s] [内存消耗：2,399.82kb] [文件加载：50]
[ info ] [ LANG ] F:\phpStudy\WWW\tp-code-gen\thinkphp\lang\zh-cn.php
[ info ] [ BIND ] 'tph2'
[ info ] [ ROUTE ] array (
  'type' => 'module',
  'module' => 
  array (
    0 => 'tph2',
    1 => 'ControllerCode',
    2 => NULL,
  ),
)
[ info ] [ HEADER ] array (
  'host' => 'code.com',
  'connection' => 'keep-alive',
  'upgrade-insecure-requests' => '1',
  'user-agent' => 'Mozilla/5.0 (Windows NT 10.0; WOW64) AppleWebKit/537.36 (KHTML, like Gecko) Chrome/56.0.2924.90 Safari/537.36 2345Explorer/9.5.0.17997',
  'accept' => 'text/html,application/xhtml+xml,application/xml;q=0.9,image/webp,*/*;q=0.8',
  'referer' => 'http://code.com/tph2/Index/help',
  'accept-encoding' => 'gzip, deflate',
  'accept-language' => 'zh-CN,zh;q=0.8',
  'cookie' => 'thinkphp_show_page_trace=0|0; pgv_pvi=8781605888; pgv_si=s7814781952; PHPSESSID=icts3uv291beob057ulqk65aa3',
)
[ info ] [ PARAM ] array (
)
[ info ] [ DB ] INIT sqlite
[ info ] [ RUN ] app\tph2\Controller\ControllerCode->index[ F:\phpStudy\WWW\tp-code-gen\public\tph2\application\tph2\controller\ControllerCode.php ]
[ info ] [ DB ] INIT mysql
[ info ] [ SESSION ] INIT array (
  'id' => '',
  'var_session_id' => '',
  'prefix' => 'think',
  'type' => '',
  'auto_start' => true,
)
[ info ] [ VIEW ] template/ControllerCode\index.html [ array (
  0 => 'pk',
  1 => 'trueTable',
  2 => 'tableNameList',
  3 => 'moduleNameList',
  4 => 'selectTableName',
  5 => 'db_prefix',
  6 => 'moduleName',
) ]
[ info ] [ LOG ] INIT File
[ sql ] [ DB ] CONNECT:[ UseTime:0.000253s ] sqlite:./db/tph.db
[ sql ] [ SQL ] PRAGMA table_info( config ) [ RunTime:0.000343s ]
[ sql ] [ SQL ] SELECT value FROM config WHERE  name = 'projectPath' LIMIT 1 [ RunTime:0.000145s ]
[ sql ] [ SQL ] SELECT value FROM config WHERE  name = 'projectPath' LIMIT 1 [ RunTime:0.000161s ]
[ sql ] [ DB ] CONNECT:[ UseTime:0.002365s ] mysql:host=127.0.0.1;dbname=tp-code-gen;charset=utf8
[ sql ] [ SQL ] select table_name from information_schema.tables where table_schema='tp-code-gen' and table_type='base table' [ RunTime:0.000877s ]
[ sql ] [ SQL ] SELECT value FROM config WHERE  name = 'projectPath' LIMIT 1 [ RunTime:0.000230s ]
[ sql ] [ SQL ] SELECT value FROM config WHERE  name = 'moduleName' LIMIT 1 [ RunTime:0.000815s ]
---------------------------------------------------------------
[ 2019-01-02T16:17:05+08:00 ] 127.0.0.1 GET /tph2/ViewCode
[ info ] code.com/tph2/ViewCode [运行时间：0.062753s][吞吐率：15.94req/s] [内存消耗：2,606.33kb] [文件加载：53]
[ info ] [ LANG ] F:\phpStudy\WWW\tp-code-gen\thinkphp\lang\zh-cn.php
[ info ] [ BIND ] 'tph2'
[ info ] [ ROUTE ] array (
  'type' => 'module',
  'module' => 
  array (
    0 => 'tph2',
    1 => 'ViewCode',
    2 => NULL,
  ),
)
[ info ] [ HEADER ] array (
  'host' => 'code.com',
  'connection' => 'keep-alive',
  'upgrade-insecure-requests' => '1',
  'user-agent' => 'Mozilla/5.0 (Windows NT 10.0; WOW64) AppleWebKit/537.36 (KHTML, like Gecko) Chrome/56.0.2924.90 Safari/537.36 2345Explorer/9.5.0.17997',
  'accept' => 'text/html,application/xhtml+xml,application/xml;q=0.9,image/webp,*/*;q=0.8',
  'referer' => 'http://code.com/tph2/ControllerCode',
  'accept-encoding' => 'gzip, deflate',
  'accept-language' => 'zh-CN,zh;q=0.8',
  'cookie' => 'thinkphp_show_page_trace=0|0; pgv_pvi=8781605888; pgv_si=s7814781952; PHPSESSID=icts3uv291beob057ulqk65aa3',
)
[ info ] [ PARAM ] array (
)
[ info ] [ DB ] INIT sqlite
[ info ] [ RUN ] app\tph2\Controller\ViewCode->index[ F:\phpStudy\WWW\tp-code-gen\public\tph2\application\tph2\controller\ViewCode.php ]
[ info ] [ DB ] INIT mysql
[ info ] [ VIEW ] template/ViewCode\index.html [ array (
  0 => 'pk',
  1 => 'trueTable',
  2 => 'db_prefix',
  3 => 'tableNameList',
  4 => 'moduleName',
  5 => 'themeList',
) ]
[ info ] [ LOG ] INIT File
[ sql ] [ DB ] CONNECT:[ UseTime:0.000347s ] sqlite:./db/tph.db
[ sql ] [ SQL ] PRAGMA table_info( config ) [ RunTime:0.000341s ]
[ sql ] [ SQL ] SELECT value FROM config WHERE  name = 'projectPath' LIMIT 1 [ RunTime:0.000151s ]
[ sql ] [ SQL ] SELECT value FROM config WHERE  name = 'projectPath' LIMIT 1 [ RunTime:0.000182s ]
[ sql ] [ DB ] CONNECT:[ UseTime:0.001704s ] mysql:host=127.0.0.1;dbname=tp-code-gen;charset=utf8
[ sql ] [ SQL ] select table_name from information_schema.tables where table_schema='tp-code-gen' and table_type='base table' [ RunTime:0.001157s ]
[ sql ] [ SQL ] SELECT value FROM config WHERE  name = 'moduleName' LIMIT 1 [ RunTime:0.000254s ]
---------------------------------------------------------------
[ 2019-01-02T16:17:06+08:00 ] 127.0.0.1 POST /tph2/Index/checkVersion.html
[ info ] code.com/tph2/Index/checkVersion.html [运行时间：2.758931s][吞吐率：0.36req/s] [内存消耗：2,142.51kb] [文件加载：44]
[ info ] [ LANG ] F:\phpStudy\WWW\tp-code-gen\thinkphp\lang\zh-cn.php
[ info ] [ BIND ] 'tph2'
[ info ] [ ROUTE ] array (
  'type' => 'module',
  'module' => 
  array (
    0 => 'tph2',
    1 => 'Index',
    2 => 'checkVersion',
  ),
)
[ info ] [ HEADER ] array (
  'host' => 'code.com',
  'connection' => 'keep-alive',
  'content-length' => '0',
  'accept' => '*/*',
  'origin' => 'http://code.com',
  'x-requested-with' => 'XMLHttpRequest',
  'user-agent' => 'Mozilla/5.0 (Windows NT 10.0; WOW64) AppleWebKit/537.36 (KHTML, like Gecko) Chrome/56.0.2924.90 Safari/537.36 2345Explorer/9.5.0.17997',
  'referer' => 'http://code.com/tph2/Index/help',
  'accept-encoding' => 'gzip, deflate',
  'accept-language' => 'zh-CN,zh;q=0.8',
  'cookie' => 'thinkphp_show_page_trace=0|0; thinkphp_show_page_trace=0|0; pgv_pvi=8781605888; pgv_si=s7814781952; PHPSESSID=icts3uv291beob057ulqk65aa3',
)
[ info ] [ PARAM ] array (
)
[ info ] [ DB ] INIT sqlite
[ info ] [ RUN ] app\tph2\Controller\Index->checkVersion[ F:\phpStudy\WWW\tp-code-gen\public\tph2\application\tph2\controller\Index.php ]
[ info ] [ LOG ] INIT File
[ sql ] [ DB ] CONNECT:[ UseTime:0.000327s ] sqlite:./db/tph.db
[ sql ] [ SQL ] PRAGMA table_info( config ) [ RunTime:0.000600s ]
[ sql ] [ SQL ] SELECT value FROM config WHERE  name = 'projectPath' LIMIT 1 [ RunTime:0.000203s ]
[ sql ] [ SQL ] SELECT value FROM config WHERE  name = 'projectPath' LIMIT 1 [ RunTime:0.000270s ]
---------------------------------------------------------------
[ 2019-01-02T16:17:06+08:00 ] 127.0.0.1 GET /tph2/WedgitCode/menu
[ info ] code.com/tph2/WedgitCode/menu [运行时间：0.060601s][吞吐率：16.50req/s] [内存消耗：2,586.49kb] [文件加载：53]
[ info ] [ LANG ] F:\phpStudy\WWW\tp-code-gen\thinkphp\lang\zh-cn.php
[ info ] [ BIND ] 'tph2'
[ info ] [ ROUTE ] array (
  'type' => 'module',
  'module' => 
  array (
    0 => 'tph2',
    1 => 'WedgitCode',
    2 => 'menu',
  ),
)
[ info ] [ HEADER ] array (
  'host' => 'code.com',
  'connection' => 'keep-alive',
  'upgrade-insecure-requests' => '1',
  'user-agent' => 'Mozilla/5.0 (Windows NT 10.0; WOW64) AppleWebKit/537.36 (KHTML, like Gecko) Chrome/56.0.2924.90 Safari/537.36 2345Explorer/9.5.0.17997',
  'accept' => 'text/html,application/xhtml+xml,application/xml;q=0.9,image/webp,*/*;q=0.8',
  'referer' => 'http://code.com/tph2/ViewCode',
  'accept-encoding' => 'gzip, deflate',
  'accept-language' => 'zh-CN,zh;q=0.8',
  'cookie' => 'thinkphp_show_page_trace=0|0; pgv_pvi=8781605888; pgv_si=s7814781952; PHPSESSID=icts3uv291beob057ulqk65aa3',
)
[ info ] [ PARAM ] array (
)
[ info ] [ DB ] INIT sqlite
[ info ] [ RUN ] app\tph2\Controller\WedgitCode->menu[ F:\phpStudy\WWW\tp-code-gen\public\tph2\application\tph2\controller\WedgitCode.php ]
[ info ] [ DB ] INIT mysql
[ info ] [ VIEW ] template/WedgitCode\menu.html [ array (
  0 => 'pk',
  1 => 'trueTable',
  2 => 'db_prefix',
  3 => 'tableNameList',
  4 => 'moduleName',
  5 => 'layoutName',
  6 => 'codelibName',
  7 => 'menuList',
) ]
[ info ] [ LOG ] INIT File
[ sql ] [ DB ] CONNECT:[ UseTime:0.000246s ] sqlite:./db/tph.db
[ sql ] [ SQL ] PRAGMA table_info( config ) [ RunTime:0.000346s ]
[ sql ] [ SQL ] SELECT value FROM config WHERE  name = 'projectPath' LIMIT 1 [ RunTime:0.000147s ]
[ sql ] [ SQL ] SELECT value FROM config WHERE  name = 'projectPath' LIMIT 1 [ RunTime:0.000178s ]
[ sql ] [ DB ] CONNECT:[ UseTime:0.001737s ] mysql:host=127.0.0.1;dbname=tp-code-gen;charset=utf8
[ sql ] [ SQL ] select table_name from information_schema.tables where table_schema='tp-code-gen' and table_type='base table' [ RunTime:0.001097s ]
[ sql ] [ SQL ] SELECT value FROM config WHERE  name = 'moduleName' LIMIT 1 [ RunTime:0.000416s ]
[ sql ] [ SQL ] SELECT value FROM config WHERE  name = 'theme' LIMIT 1 [ RunTime:0.000351s ]
[ sql ] [ SQL ] SELECT value FROM config WHERE  name = 'theme' LIMIT 1 [ RunTime:0.000270s ]
[ sql ] [ SQL ] SELECT value FROM config WHERE  name = 'codeLib' LIMIT 1 [ RunTime:0.000159s ]
[ sql ] [ SQL ] SELECT value FROM config WHERE  name = 'codeLib' LIMIT 1 [ RunTime:0.000147s ]
---------------------------------------------------------------
[ 2019-01-02T16:17:07+08:00 ] 127.0.0.1 GET /tph2/CreateLayout
[ info ] code.com/tph2/CreateLayout [运行时间：0.058079s][吞吐率：17.22req/s] [内存消耗：2,512.35kb] [文件加载：52]
[ info ] [ LANG ] F:\phpStudy\WWW\tp-code-gen\thinkphp\lang\zh-cn.php
[ info ] [ BIND ] 'tph2'
[ info ] [ ROUTE ] array (
  'type' => 'module',
  'module' => 
  array (
    0 => 'tph2',
    1 => 'CreateLayout',
    2 => NULL,
  ),
)
[ info ] [ HEADER ] array (
  'host' => 'code.com',
  'connection' => 'keep-alive',
  'upgrade-insecure-requests' => '1',
  'user-agent' => 'Mozilla/5.0 (Windows NT 10.0; WOW64) AppleWebKit/537.36 (KHTML, like Gecko) Chrome/56.0.2924.90 Safari/537.36 2345Explorer/9.5.0.17997',
  'accept' => 'text/html,application/xhtml+xml,application/xml;q=0.9,image/webp,*/*;q=0.8',
  'referer' => 'http://code.com/tph2/WedgitCode/menu',
  'accept-encoding' => 'gzip, deflate',
  'accept-language' => 'zh-CN,zh;q=0.8',
  'cookie' => 'thinkphp_show_page_trace=0|0; pgv_pvi=8781605888; pgv_si=s7814781952; PHPSESSID=icts3uv291beob057ulqk65aa3',
)
[ info ] [ PARAM ] array (
)
[ info ] [ DB ] INIT sqlite
[ info ] [ RUN ] app\tph2\Controller\CreateLayout->index[ F:\phpStudy\WWW\tp-code-gen\public\tph2\application\tph2\controller\CreateLayout.php ]
[ info ] [ DB ] INIT mysql
[ info ] [ VIEW ] template/CreateLayout\index.html [ array (
  0 => 'pk',
  1 => 'trueTable',
  2 => 'db_prefix',
  3 => 'tableNameList',
  4 => 'moduleName',
  5 => 'layoutName',
) ]
[ info ] [ LOG ] INIT File
[ sql ] [ DB ] CONNECT:[ UseTime:0.000342s ] sqlite:./db/tph.db
[ sql ] [ SQL ] PRAGMA table_info( config ) [ RunTime:0.000433s ]
[ sql ] [ SQL ] SELECT value FROM config WHERE  name = 'projectPath' LIMIT 1 [ RunTime:0.000163s ]
[ sql ] [ SQL ] SELECT value FROM config WHERE  name = 'projectPath' LIMIT 1 [ RunTime:0.000224s ]
[ sql ] [ DB ] CONNECT:[ UseTime:0.001942s ] mysql:host=127.0.0.1;dbname=tp-code-gen;charset=utf8
[ sql ] [ SQL ] select table_name from information_schema.tables where table_schema='tp-code-gen' and table_type='base table' [ RunTime:0.000789s ]
[ sql ] [ SQL ] SELECT value FROM config WHERE  name = 'moduleName' LIMIT 1 [ RunTime:0.000223s ]
[ sql ] [ SQL ] SELECT value FROM config WHERE  name = 'theme' LIMIT 1 [ RunTime:0.000162s ]
[ sql ] [ SQL ] SELECT value FROM config WHERE  name = 'theme' LIMIT 1 [ RunTime:0.000144s ]
---------------------------------------------------------------
[ 2019-01-02T16:17:08+08:00 ] 127.0.0.1 POST /tph2/Index/checkVersion.html
[ info ] code.com/tph2/Index/checkVersion.html [运行时间：3.616502s][吞吐率：0.28req/s] [内存消耗：2,142.59kb] [文件加载：44]
[ info ] [ LANG ] F:\phpStudy\WWW\tp-code-gen\thinkphp\lang\zh-cn.php
[ info ] [ BIND ] 'tph2'
[ info ] [ ROUTE ] array (
  'type' => 'module',
  'module' => 
  array (
    0 => 'tph2',
    1 => 'Index',
    2 => 'checkVersion',
  ),
)
[ info ] [ HEADER ] array (
  'host' => 'code.com',
  'connection' => 'keep-alive',
  'content-length' => '0',
  'accept' => '*/*',
  'origin' => 'http://code.com',
  'x-requested-with' => 'XMLHttpRequest',
  'user-agent' => 'Mozilla/5.0 (Windows NT 10.0; WOW64) AppleWebKit/537.36 (KHTML, like Gecko) Chrome/56.0.2924.90 Safari/537.36 2345Explorer/9.5.0.17997',
  'referer' => 'http://code.com/tph2/ControllerCode',
  'accept-encoding' => 'gzip, deflate',
  'accept-language' => 'zh-CN,zh;q=0.8',
  'cookie' => 'thinkphp_show_page_trace=0|0; thinkphp_show_page_trace=0|0; pgv_pvi=8781605888; pgv_si=s7814781952; PHPSESSID=icts3uv291beob057ulqk65aa3',
)
[ info ] [ PARAM ] array (
)
[ info ] [ DB ] INIT sqlite
[ info ] [ RUN ] app\tph2\Controller\Index->checkVersion[ F:\phpStudy\WWW\tp-code-gen\public\tph2\application\tph2\controller\Index.php ]
[ info ] [ LOG ] INIT File
[ sql ] [ DB ] CONNECT:[ UseTime:0.000329s ] sqlite:./db/tph.db
[ sql ] [ SQL ] PRAGMA table_info( config ) [ RunTime:0.000377s ]
[ sql ] [ SQL ] SELECT value FROM config WHERE  name = 'projectPath' LIMIT 1 [ RunTime:0.000152s ]
[ sql ] [ SQL ] SELECT value FROM config WHERE  name = 'projectPath' LIMIT 1 [ RunTime:0.000164s ]
---------------------------------------------------------------
[ 2019-01-02T16:17:09+08:00 ] 127.0.0.1 POST /tph2/Index/checkVersion.html
[ info ] code.com/tph2/Index/checkVersion.html [运行时间：1.571005s][吞吐率：0.64req/s] [内存消耗：2,142.56kb] [文件加载：44]
[ info ] [ LANG ] F:\phpStudy\WWW\tp-code-gen\thinkphp\lang\zh-cn.php
[ info ] [ BIND ] 'tph2'
[ info ] [ ROUTE ] array (
  'type' => 'module',
  'module' => 
  array (
    0 => 'tph2',
    1 => 'Index',
    2 => 'checkVersion',
  ),
)
[ info ] [ HEADER ] array (
  'host' => 'code.com',
  'connection' => 'keep-alive',
  'content-length' => '0',
  'accept' => '*/*',
  'origin' => 'http://code.com',
  'x-requested-with' => 'XMLHttpRequest',
  'user-agent' => 'Mozilla/5.0 (Windows NT 10.0; WOW64) AppleWebKit/537.36 (KHTML, like Gecko) Chrome/56.0.2924.90 Safari/537.36 2345Explorer/9.5.0.17997',
  'referer' => 'http://code.com/tph2/CreateLayout',
  'accept-encoding' => 'gzip, deflate',
  'accept-language' => 'zh-CN,zh;q=0.8',
  'cookie' => 'thinkphp_show_page_trace=0|0; thinkphp_show_page_trace=0|0; pgv_pvi=8781605888; pgv_si=s7814781952; PHPSESSID=icts3uv291beob057ulqk65aa3',
)
[ info ] [ PARAM ] array (
)
[ info ] [ DB ] INIT sqlite
[ info ] [ RUN ] app\tph2\Controller\Index->checkVersion[ F:\phpStudy\WWW\tp-code-gen\public\tph2\application\tph2\controller\Index.php ]
[ info ] [ LOG ] INIT File
[ sql ] [ DB ] CONNECT:[ UseTime:0.000315s ] sqlite:./db/tph.db
[ sql ] [ SQL ] PRAGMA table_info( config ) [ RunTime:0.000581s ]
[ sql ] [ SQL ] SELECT value FROM config WHERE  name = 'projectPath' LIMIT 1 [ RunTime:0.000365s ]
[ sql ] [ SQL ] SELECT value FROM config WHERE  name = 'projectPath' LIMIT 1 [ RunTime:0.000236s ]
---------------------------------------------------------------
[ 2019-01-02T16:17:09+08:00 ] 127.0.0.1 POST /tph2/Index/checkVersion.html
[ info ] code.com/tph2/Index/checkVersion.html [运行时间：2.322651s][吞吐率：0.43req/s] [内存消耗：2,142.55kb] [文件加载：44]
[ info ] [ LANG ] F:\phpStudy\WWW\tp-code-gen\thinkphp\lang\zh-cn.php
[ info ] [ BIND ] 'tph2'
[ info ] [ ROUTE ] array (
  'type' => 'module',
  'module' => 
  array (
    0 => 'tph2',
    1 => 'Index',
    2 => 'checkVersion',
  ),
)
[ info ] [ HEADER ] array (
  'host' => 'code.com',
  'connection' => 'keep-alive',
  'content-length' => '0',
  'accept' => '*/*',
  'origin' => 'http://code.com',
  'x-requested-with' => 'XMLHttpRequest',
  'user-agent' => 'Mozilla/5.0 (Windows NT 10.0; WOW64) AppleWebKit/537.36 (KHTML, like Gecko) Chrome/56.0.2924.90 Safari/537.36 2345Explorer/9.5.0.17997',
  'referer' => 'http://code.com/tph2/WedgitCode/menu',
  'accept-encoding' => 'gzip, deflate',
  'accept-language' => 'zh-CN,zh;q=0.8',
  'cookie' => 'thinkphp_show_page_trace=0|0; thinkphp_show_page_trace=0|0; pgv_pvi=8781605888; pgv_si=s7814781952; PHPSESSID=icts3uv291beob057ulqk65aa3',
)
[ info ] [ PARAM ] array (
)
[ info ] [ DB ] INIT sqlite
[ info ] [ RUN ] app\tph2\Controller\Index->checkVersion[ F:\phpStudy\WWW\tp-code-gen\public\tph2\application\tph2\controller\Index.php ]
[ info ] [ LOG ] INIT File
[ sql ] [ DB ] CONNECT:[ UseTime:0.000496s ] sqlite:./db/tph.db
[ sql ] [ SQL ] PRAGMA table_info( config ) [ RunTime:0.000473s ]
[ sql ] [ SQL ] SELECT value FROM config WHERE  name = 'projectPath' LIMIT 1 [ RunTime:0.000157s ]
[ sql ] [ SQL ] SELECT value FROM config WHERE  name = 'projectPath' LIMIT 1 [ RunTime:0.000166s ]
---------------------------------------------------------------
[ 2019-01-02T16:17:09+08:00 ] 127.0.0.1 POST /tph2/Index/checkVersion.html
[ info ] code.com/tph2/Index/checkVersion.html [运行时间：3.279920s][吞吐率：0.30req/s] [内存消耗：2,142.50kb] [文件加载：44]
[ info ] [ LANG ] F:\phpStudy\WWW\tp-code-gen\thinkphp\lang\zh-cn.php
[ info ] [ BIND ] 'tph2'
[ info ] [ ROUTE ] array (
  'type' => 'module',
  'module' => 
  array (
    0 => 'tph2',
    1 => 'Index',
    2 => 'checkVersion',
  ),
)
[ info ] [ HEADER ] array (
  'host' => 'code.com',
  'connection' => 'keep-alive',
  'content-length' => '0',
  'accept' => '*/*',
  'origin' => 'http://code.com',
  'x-requested-with' => 'XMLHttpRequest',
  'user-agent' => 'Mozilla/5.0 (Windows NT 10.0; WOW64) AppleWebKit/537.36 (KHTML, like Gecko) Chrome/56.0.2924.90 Safari/537.36 2345Explorer/9.5.0.17997',
  'referer' => 'http://code.com/tph2/ViewCode',
  'accept-encoding' => 'gzip, deflate',
  'accept-language' => 'zh-CN,zh;q=0.8',
  'cookie' => 'thinkphp_show_page_trace=0|0; thinkphp_show_page_trace=0|0; pgv_pvi=8781605888; pgv_si=s7814781952; PHPSESSID=icts3uv291beob057ulqk65aa3',
)
[ info ] [ PARAM ] array (
)
[ info ] [ DB ] INIT sqlite
[ info ] [ RUN ] app\tph2\Controller\Index->checkVersion[ F:\phpStudy\WWW\tp-code-gen\public\tph2\application\tph2\controller\Index.php ]
[ info ] [ LOG ] INIT File
[ sql ] [ DB ] CONNECT:[ UseTime:0.000266s ] sqlite:./db/tph.db
[ sql ] [ SQL ] PRAGMA table_info( config ) [ RunTime:0.000602s ]
[ sql ] [ SQL ] SELECT value FROM config WHERE  name = 'projectPath' LIMIT 1 [ RunTime:0.000266s ]
[ sql ] [ SQL ] SELECT value FROM config WHERE  name = 'projectPath' LIMIT 1 [ RunTime:0.000261s ]
