---------------------------------------------------------------
[ 2019-01-07T09:00:42+08:00 ] 127.0.0.1 GET /gen/ModelCode/index
[ info ] code.com/gen/ModelCode/index [运行时间：0.488621s][吞吐率：2.05req/s] [内存消耗：2,383.11kb] [文件加载：49]
[ info ] [ LANG ] F:\phpStudy\WWW\tp-code-gen\thinkphp\lang\zh-cn.php
[ info ] [ BIND ] 'gen'
[ info ] [ ROUTE ] array (
  'type' => 'module',
  'module' => 
  array (
    0 => 'gen',
    1 => 'ModelCode',
    2 => 'index',
  ),
)
[ info ] [ HEADER ] array (
  'host' => 'code.com',
  'connection' => 'keep-alive',
  'upgrade-insecure-requests' => '1',
  'user-agent' => 'Mozilla/5.0 (Windows NT 10.0; WOW64) AppleWebKit/537.36 (KHTML, like Gecko) Chrome/56.0.2924.90 Safari/537.36 2345Explorer/9.5.2.18321',
  'accept' => 'text/html,application/xhtml+xml,application/xml;q=0.9,image/webp,*/*;q=0.8',
  'accept-encoding' => 'gzip, deflate',
  'accept-language' => 'zh-CN,zh;q=0.8',
  'cookie' => 'pgv_pvi=8781605888',
)
[ info ] [ PARAM ] array (
)
[ info ] [ DB ] INIT sqlite
[ info ] [ RUN ] app\gen\Controller\ModelCode->index[ F:\phpStudy\WWW\tp-code-gen\public\gen\application\gen\controller\ModelCode.php ]
[ info ] [ DB ] INIT mysql
[ info ] [ VIEW ] F:\phpStudy\WWW\tp-code-gen\public\gen/application/gen\view\model_code\index.html [ array (
  0 => 'pk',
  1 => 'trueTable',
  2 => 'db_prefix',
  3 => 'tableNameList',
  4 => 'moduleNameList',
  5 => 'moduleName',
  6 => 'page_name',
  7 => 'menu_group',
) ]
[ info ] [ LOG ] INIT File
[ sql ] [ DB ] CONNECT:[ UseTime:0.000532s ] sqlite:./db/tph.db
[ sql ] [ SQL ] PRAGMA table_info( config ) [ RunTime:0.000498s ]
[ sql ] [ SQL ] SELECT value FROM config WHERE  name = 'projectPath' LIMIT 1 [ RunTime:0.000194s ]
[ sql ] [ SQL ] SELECT value FROM config WHERE  name = 'projectPath' LIMIT 1 [ RunTime:0.000189s ]
[ sql ] [ DB ] CONNECT:[ UseTime:0.003075s ] mysql:host=127.0.0.1;dbname=tp-code-gen;charset=utf8
[ sql ] [ SQL ] select table_name from information_schema.tables where table_schema='tp-code-gen' and table_type='base table' [ RunTime:0.421934s ]
[ sql ] [ SQL ] SELECT value FROM config WHERE  name = 'projectPath' LIMIT 1 [ RunTime:0.000433s ]
[ sql ] [ SQL ] SELECT value FROM config WHERE  name = 'moduleName' LIMIT 1 [ RunTime:0.000614s ]
---------------------------------------------------------------
[ 2019-01-07T10:26:19+08:00 ] 127.0.0.1 GET /gen/ModelCode/index
[ info ] code.com/gen/ModelCode/index [运行时间：0.075868s][吞吐率：13.18req/s] [内存消耗：2,383.41kb] [文件加载：49]
[ info ] [ LANG ] F:\phpStudy\WWW\tp-code-gen\thinkphp\lang\zh-cn.php
[ info ] [ BIND ] 'gen'
[ info ] [ ROUTE ] array (
  'type' => 'module',
  'module' => 
  array (
    0 => 'gen',
    1 => 'ModelCode',
    2 => 'index',
  ),
)
[ info ] [ HEADER ] array (
  'host' => 'code.com',
  'connection' => 'keep-alive',
  'cache-control' => 'max-age=0',
  'upgrade-insecure-requests' => '1',
  'user-agent' => 'Mozilla/5.0 (Windows NT 10.0; WOW64) AppleWebKit/537.36 (KHTML, like Gecko) Chrome/56.0.2924.90 Safari/537.36 2345Explorer/9.5.2.18321',
  'accept' => 'text/html,application/xhtml+xml,application/xml;q=0.9,image/webp,*/*;q=0.8',
  'accept-encoding' => 'gzip, deflate',
  'accept-language' => 'zh-CN,zh;q=0.8',
  'cookie' => 'thinkphp_show_page_trace=0|0; pgv_pvi=8781605888',
)
[ info ] [ PARAM ] array (
)
[ info ] [ DB ] INIT sqlite
[ info ] [ RUN ] app\gen\Controller\ModelCode->index[ F:\phpStudy\WWW\tp-code-gen\public\gen\application\gen\controller\ModelCode.php ]
[ info ] [ DB ] INIT mysql
[ info ] [ VIEW ] F:\phpStudy\WWW\tp-code-gen\public\gen/application/gen\view\model_code\index.html [ array (
  0 => 'pk',
  1 => 'trueTable',
  2 => 'db_prefix',
  3 => 'tableNameList',
  4 => 'moduleNameList',
  5 => 'moduleName',
  6 => 'page_name',
  7 => 'menu_group',
) ]
[ info ] [ LOG ] INIT File
[ sql ] [ DB ] CONNECT:[ UseTime:0.000448s ] sqlite:./db/tph.db
[ sql ] [ SQL ] PRAGMA table_info( config ) [ RunTime:0.000365s ]
[ sql ] [ SQL ] SELECT value FROM config WHERE  name = 'projectPath' LIMIT 1 [ RunTime:0.000253s ]
[ sql ] [ SQL ] SELECT value FROM config WHERE  name = 'projectPath' LIMIT 1 [ RunTime:0.000344s ]
[ sql ] [ DB ] CONNECT:[ UseTime:0.002180s ] mysql:host=127.0.0.1;dbname=tp-code-gen;charset=utf8
[ sql ] [ SQL ] select table_name from information_schema.tables where table_schema='tp-code-gen' and table_type='base table' [ RunTime:0.000939s ]
[ sql ] [ SQL ] SELECT value FROM config WHERE  name = 'projectPath' LIMIT 1 [ RunTime:0.000259s ]
[ sql ] [ SQL ] SELECT value FROM config WHERE  name = 'moduleName' LIMIT 1 [ RunTime:0.000159s ]
---------------------------------------------------------------
[ 2019-01-07T16:05:19+08:00 ] 127.0.0.1 GET /gen/ViewCode
[ info ] code.com/gen/ViewCode [运行时间：0.065318s][吞吐率：15.31req/s] [内存消耗：2,325.76kb] [文件加载：49]
[ info ] [ LANG ] F:\phpStudy\WWW\tp-code-gen\thinkphp\lang\zh-cn.php
[ info ] [ BIND ] 'gen'
[ info ] [ ROUTE ] array (
  'type' => 'module',
  'module' => 
  array (
    0 => 'gen',
    1 => 'ViewCode',
    2 => NULL,
  ),
)
[ info ] [ HEADER ] array (
  'host' => 'code.com',
  'connection' => 'keep-alive',
  'upgrade-insecure-requests' => '1',
  'user-agent' => 'Mozilla/5.0 (Windows NT 10.0; WOW64) AppleWebKit/537.36 (KHTML, like Gecko) Chrome/56.0.2924.90 Safari/537.36 2345Explorer/9.5.2.18321',
  'accept' => 'text/html,application/xhtml+xml,application/xml;q=0.9,image/webp,*/*;q=0.8',
  'referer' => 'http://code.com/gen/ModelCode/index',
  'accept-encoding' => 'gzip, deflate',
  'accept-language' => 'zh-CN,zh;q=0.8',
  'cookie' => 'pgv_pvi=8781605888',
)
[ info ] [ PARAM ] array (
)
[ info ] [ DB ] INIT sqlite
[ info ] [ RUN ] app\gen\Controller\ViewCode->index[ F:\phpStudy\WWW\tp-code-gen\public\gen\application\gen\controller\ViewCode.php ]
[ info ] [ DB ] INIT mysql
[ info ] [ VIEW ] F:\phpStudy\WWW\tp-code-gen\public\gen/application/gen\view\view_code\index.html [ array (
  0 => 'pk',
  1 => 'trueTable',
  2 => 'db_prefix',
  3 => 'tableNameList',
  4 => 'moduleName',
  5 => 'themeList',
  6 => 'page_name',
  7 => 'menu_group',
) ]
[ info ] [ LOG ] INIT File
[ sql ] [ DB ] CONNECT:[ UseTime:0.000843s ] sqlite:./db/tph.db
[ sql ] [ SQL ] PRAGMA table_info( config ) [ RunTime:0.000494s ]
[ sql ] [ SQL ] SELECT value FROM config WHERE  name = 'projectPath' LIMIT 1 [ RunTime:0.000159s ]
[ sql ] [ SQL ] SELECT value FROM config WHERE  name = 'projectPath' LIMIT 1 [ RunTime:0.000172s ]
[ sql ] [ DB ] CONNECT:[ UseTime:0.003641s ] mysql:host=127.0.0.1;dbname=tp-code-gen;charset=utf8
[ sql ] [ SQL ] select table_name from information_schema.tables where table_schema='tp-code-gen' and table_type='base table' [ RunTime:0.001666s ]
[ sql ] [ SQL ] SELECT value FROM config WHERE  name = 'moduleName' LIMIT 1 [ RunTime:0.000228s ]
---------------------------------------------------------------
[ 2019-01-07T16:05:21+08:00 ] 127.0.0.1 GET /gen/WedgitCode/menu
[ info ] code.com/gen/WedgitCode/menu [运行时间：0.053041s][吞吐率：18.85req/s] [内存消耗：2,386.60kb] [文件加载：50]
[ info ] [ LANG ] F:\phpStudy\WWW\tp-code-gen\thinkphp\lang\zh-cn.php
[ info ] [ BIND ] 'gen'
[ info ] [ ROUTE ] array (
  'type' => 'module',
  'module' => 
  array (
    0 => 'gen',
    1 => 'WedgitCode',
    2 => 'menu',
  ),
)
[ info ] [ HEADER ] array (
  'host' => 'code.com',
  'connection' => 'keep-alive',
  'upgrade-insecure-requests' => '1',
  'user-agent' => 'Mozilla/5.0 (Windows NT 10.0; WOW64) AppleWebKit/537.36 (KHTML, like Gecko) Chrome/56.0.2924.90 Safari/537.36 2345Explorer/9.5.2.18321',
  'accept' => 'text/html,application/xhtml+xml,application/xml;q=0.9,image/webp,*/*;q=0.8',
  'referer' => 'http://code.com/gen/ViewCode',
  'accept-encoding' => 'gzip, deflate',
  'accept-language' => 'zh-CN,zh;q=0.8',
  'cookie' => 'thinkphp_show_page_trace=0|0; pgv_pvi=8781605888',
)
[ info ] [ PARAM ] array (
)
[ info ] [ DB ] INIT sqlite
[ info ] [ RUN ] app\gen\Controller\WedgitCode->menu[ F:\phpStudy\WWW\tp-code-gen\public\gen\application\gen\controller\WedgitCode.php ]
[ info ] [ DB ] INIT mysql
[ info ] [ VIEW ] F:\phpStudy\WWW\tp-code-gen\public\gen/application/gen\view\wedgit_code\menu.html [ array (
  0 => 'pk',
  1 => 'trueTable',
  2 => 'db_prefix',
  3 => 'tableNameList',
  4 => 'moduleName',
  5 => 'layoutName',
  6 => 'codelibName',
  7 => 'menuList',
  8 => 'page_name',
  9 => 'menu_group',
) ]
[ info ] [ LOG ] INIT File
[ sql ] [ DB ] CONNECT:[ UseTime:0.000404s ] sqlite:./db/tph.db
[ sql ] [ SQL ] PRAGMA table_info( config ) [ RunTime:0.000345s ]
[ sql ] [ SQL ] SELECT value FROM config WHERE  name = 'projectPath' LIMIT 1 [ RunTime:0.000149s ]
[ sql ] [ SQL ] SELECT value FROM config WHERE  name = 'projectPath' LIMIT 1 [ RunTime:0.000171s ]
[ sql ] [ DB ] CONNECT:[ UseTime:0.002089s ] mysql:host=127.0.0.1;dbname=tp-code-gen;charset=utf8
[ sql ] [ SQL ] select table_name from information_schema.tables where table_schema='tp-code-gen' and table_type='base table' [ RunTime:0.000853s ]
[ sql ] [ SQL ] SELECT value FROM config WHERE  name = 'moduleName' LIMIT 1 [ RunTime:0.000220s ]
[ sql ] [ SQL ] SELECT value FROM config WHERE  name = 'theme' LIMIT 1 [ RunTime:0.000149s ]
[ sql ] [ SQL ] SELECT value FROM config WHERE  name = 'theme' LIMIT 1 [ RunTime:0.000142s ]
[ sql ] [ SQL ] SELECT value FROM config WHERE  name = 'codeLib' LIMIT 1 [ RunTime:0.000138s ]
[ sql ] [ SQL ] SELECT value FROM config WHERE  name = 'codeLib' LIMIT 1 [ RunTime:0.000138s ]
---------------------------------------------------------------
[ 2019-01-07T16:05:22+08:00 ] 127.0.0.1 GET /gen/CreateLayout
[ info ] code.com/gen/CreateLayout [运行时间：0.050723s][吞吐率：19.71req/s] [内存消耗：2,254.70kb] [文件加载：48]
[ info ] [ LANG ] F:\phpStudy\WWW\tp-code-gen\thinkphp\lang\zh-cn.php
[ info ] [ BIND ] 'gen'
[ info ] [ ROUTE ] array (
  'type' => 'module',
  'module' => 
  array (
    0 => 'gen',
    1 => 'CreateLayout',
    2 => NULL,
  ),
)
[ info ] [ HEADER ] array (
  'host' => 'code.com',
  'connection' => 'keep-alive',
  'upgrade-insecure-requests' => '1',
  'user-agent' => 'Mozilla/5.0 (Windows NT 10.0; WOW64) AppleWebKit/537.36 (KHTML, like Gecko) Chrome/56.0.2924.90 Safari/537.36 2345Explorer/9.5.2.18321',
  'accept' => 'text/html,application/xhtml+xml,application/xml;q=0.9,image/webp,*/*;q=0.8',
  'referer' => 'http://code.com/gen/WedgitCode/menu',
  'accept-encoding' => 'gzip, deflate',
  'accept-language' => 'zh-CN,zh;q=0.8',
  'cookie' => 'thinkphp_show_page_trace=0|0; pgv_pvi=8781605888',
)
[ info ] [ PARAM ] array (
)
[ info ] [ DB ] INIT sqlite
[ info ] [ RUN ] app\gen\Controller\CreateLayout->index[ F:\phpStudy\WWW\tp-code-gen\public\gen\application\gen\controller\CreateLayout.php ]
[ info ] [ DB ] INIT mysql
[ info ] [ VIEW ] F:\phpStudy\WWW\tp-code-gen\public\gen/application/gen\view\create_layout\index.html [ array (
  0 => 'pk',
  1 => 'trueTable',
  2 => 'db_prefix',
  3 => 'tableNameList',
  4 => 'moduleName',
  5 => 'layoutName',
  6 => 'page_name',
  7 => 'menu_group',
) ]
[ info ] [ LOG ] INIT File
[ sql ] [ DB ] CONNECT:[ UseTime:0.000428s ] sqlite:./db/tph.db
[ sql ] [ SQL ] PRAGMA table_info( config ) [ RunTime:0.000337s ]
[ sql ] [ SQL ] SELECT value FROM config WHERE  name = 'projectPath' LIMIT 1 [ RunTime:0.000160s ]
[ sql ] [ SQL ] SELECT value FROM config WHERE  name = 'projectPath' LIMIT 1 [ RunTime:0.000160s ]
[ sql ] [ DB ] CONNECT:[ UseTime:0.002216s ] mysql:host=127.0.0.1;dbname=tp-code-gen;charset=utf8
[ sql ] [ SQL ] select table_name from information_schema.tables where table_schema='tp-code-gen' and table_type='base table' [ RunTime:0.001114s ]
[ sql ] [ SQL ] SELECT value FROM config WHERE  name = 'moduleName' LIMIT 1 [ RunTime:0.000309s ]
[ sql ] [ SQL ] SELECT value FROM config WHERE  name = 'theme' LIMIT 1 [ RunTime:0.000173s ]
[ sql ] [ SQL ] SELECT value FROM config WHERE  name = 'theme' LIMIT 1 [ RunTime:0.000158s ]
---------------------------------------------------------------
[ 2019-01-07T16:05:24+08:00 ] 127.0.0.1 GET /gen/WedgitCode/menu
[ info ] code.com/gen/WedgitCode/menu [运行时间：0.065105s][吞吐率：15.36req/s] [内存消耗：2,386.66kb] [文件加载：50]
[ info ] [ LANG ] F:\phpStudy\WWW\tp-code-gen\thinkphp\lang\zh-cn.php
[ info ] [ BIND ] 'gen'
[ info ] [ ROUTE ] array (
  'type' => 'module',
  'module' => 
  array (
    0 => 'gen',
    1 => 'WedgitCode',
    2 => 'menu',
  ),
)
[ info ] [ HEADER ] array (
  'host' => 'code.com',
  'connection' => 'keep-alive',
  'upgrade-insecure-requests' => '1',
  'user-agent' => 'Mozilla/5.0 (Windows NT 10.0; WOW64) AppleWebKit/537.36 (KHTML, like Gecko) Chrome/56.0.2924.90 Safari/537.36 2345Explorer/9.5.2.18321',
  'accept' => 'text/html,application/xhtml+xml,application/xml;q=0.9,image/webp,*/*;q=0.8',
  'referer' => 'http://code.com/gen/CreateLayout',
  'accept-encoding' => 'gzip, deflate',
  'accept-language' => 'zh-CN,zh;q=0.8',
  'cookie' => 'thinkphp_show_page_trace=0|0; thinkphp_show_page_trace=0|0; pgv_pvi=8781605888',
)
[ info ] [ PARAM ] array (
)
[ info ] [ DB ] INIT sqlite
[ info ] [ RUN ] app\gen\Controller\WedgitCode->menu[ F:\phpStudy\WWW\tp-code-gen\public\gen\application\gen\controller\WedgitCode.php ]
[ info ] [ DB ] INIT mysql
[ info ] [ VIEW ] F:\phpStudy\WWW\tp-code-gen\public\gen/application/gen\view\wedgit_code\menu.html [ array (
  0 => 'pk',
  1 => 'trueTable',
  2 => 'db_prefix',
  3 => 'tableNameList',
  4 => 'moduleName',
  5 => 'layoutName',
  6 => 'codelibName',
  7 => 'menuList',
  8 => 'page_name',
  9 => 'menu_group',
) ]
[ info ] [ LOG ] INIT File
[ sql ] [ DB ] CONNECT:[ UseTime:0.000480s ] sqlite:./db/tph.db
[ sql ] [ SQL ] PRAGMA table_info( config ) [ RunTime:0.000367s ]
[ sql ] [ SQL ] SELECT value FROM config WHERE  name = 'projectPath' LIMIT 1 [ RunTime:0.000150s ]
[ sql ] [ SQL ] SELECT value FROM config WHERE  name = 'projectPath' LIMIT 1 [ RunTime:0.000163s ]
[ sql ] [ DB ] CONNECT:[ UseTime:0.001937s ] mysql:host=127.0.0.1;dbname=tp-code-gen;charset=utf8
[ sql ] [ SQL ] select table_name from information_schema.tables where table_schema='tp-code-gen' and table_type='base table' [ RunTime:0.000813s ]
[ sql ] [ SQL ] SELECT value FROM config WHERE  name = 'moduleName' LIMIT 1 [ RunTime:0.000214s ]
[ sql ] [ SQL ] SELECT value FROM config WHERE  name = 'theme' LIMIT 1 [ RunTime:0.000144s ]
[ sql ] [ SQL ] SELECT value FROM config WHERE  name = 'theme' LIMIT 1 [ RunTime:0.000144s ]
[ sql ] [ SQL ] SELECT value FROM config WHERE  name = 'codeLib' LIMIT 1 [ RunTime:0.000140s ]
[ sql ] [ SQL ] SELECT value FROM config WHERE  name = 'codeLib' LIMIT 1 [ RunTime:0.000147s ]
---------------------------------------------------------------
[ 2019-01-07T16:05:24+08:00 ] 127.0.0.1 GET /gen/ViewCode
[ info ] code.com/gen/ViewCode [运行时间：0.051434s][吞吐率：19.44req/s] [内存消耗：2,325.92kb] [文件加载：49]
[ info ] [ LANG ] F:\phpStudy\WWW\tp-code-gen\thinkphp\lang\zh-cn.php
[ info ] [ BIND ] 'gen'
[ info ] [ ROUTE ] array (
  'type' => 'module',
  'module' => 
  array (
    0 => 'gen',
    1 => 'ViewCode',
    2 => NULL,
  ),
)
[ info ] [ HEADER ] array (
  'host' => 'code.com',
  'connection' => 'keep-alive',
  'upgrade-insecure-requests' => '1',
  'user-agent' => 'Mozilla/5.0 (Windows NT 10.0; WOW64) AppleWebKit/537.36 (KHTML, like Gecko) Chrome/56.0.2924.90 Safari/537.36 2345Explorer/9.5.2.18321',
  'accept' => 'text/html,application/xhtml+xml,application/xml;q=0.9,image/webp,*/*;q=0.8',
  'referer' => 'http://code.com/gen/WedgitCode/menu',
  'accept-encoding' => 'gzip, deflate',
  'accept-language' => 'zh-CN,zh;q=0.8',
  'cookie' => 'thinkphp_show_page_trace=0|0; pgv_pvi=8781605888',
)
[ info ] [ PARAM ] array (
)
[ info ] [ DB ] INIT sqlite
[ info ] [ RUN ] app\gen\Controller\ViewCode->index[ F:\phpStudy\WWW\tp-code-gen\public\gen\application\gen\controller\ViewCode.php ]
[ info ] [ DB ] INIT mysql
[ info ] [ VIEW ] F:\phpStudy\WWW\tp-code-gen\public\gen/application/gen\view\view_code\index.html [ array (
  0 => 'pk',
  1 => 'trueTable',
  2 => 'db_prefix',
  3 => 'tableNameList',
  4 => 'moduleName',
  5 => 'themeList',
  6 => 'page_name',
  7 => 'menu_group',
) ]
[ info ] [ LOG ] INIT File
[ sql ] [ DB ] CONNECT:[ UseTime:0.000405s ] sqlite:./db/tph.db
[ sql ] [ SQL ] PRAGMA table_info( config ) [ RunTime:0.000339s ]
[ sql ] [ SQL ] SELECT value FROM config WHERE  name = 'projectPath' LIMIT 1 [ RunTime:0.000145s ]
[ sql ] [ SQL ] SELECT value FROM config WHERE  name = 'projectPath' LIMIT 1 [ RunTime:0.000162s ]
[ sql ] [ DB ] CONNECT:[ UseTime:0.001950s ] mysql:host=127.0.0.1;dbname=tp-code-gen;charset=utf8
[ sql ] [ SQL ] select table_name from information_schema.tables where table_schema='tp-code-gen' and table_type='base table' [ RunTime:0.001180s ]
[ sql ] [ SQL ] SELECT value FROM config WHERE  name = 'moduleName' LIMIT 1 [ RunTime:0.000260s ]
---------------------------------------------------------------
[ 2019-01-07T16:05:25+08:00 ] 127.0.0.1 GET /gen/ControllerCode
[ info ] code.com/gen/ControllerCode [运行时间：0.051379s][吞吐率：19.46req/s] [内存消耗：2,298.14kb] [文件加载：48]
[ info ] [ LANG ] F:\phpStudy\WWW\tp-code-gen\thinkphp\lang\zh-cn.php
[ info ] [ BIND ] 'gen'
[ info ] [ ROUTE ] array (
  'type' => 'module',
  'module' => 
  array (
    0 => 'gen',
    1 => 'ControllerCode',
    2 => NULL,
  ),
)
[ info ] [ HEADER ] array (
  'host' => 'code.com',
  'connection' => 'keep-alive',
  'upgrade-insecure-requests' => '1',
  'user-agent' => 'Mozilla/5.0 (Windows NT 10.0; WOW64) AppleWebKit/537.36 (KHTML, like Gecko) Chrome/56.0.2924.90 Safari/537.36 2345Explorer/9.5.2.18321',
  'accept' => 'text/html,application/xhtml+xml,application/xml;q=0.9,image/webp,*/*;q=0.8',
  'referer' => 'http://code.com/gen/ViewCode',
  'accept-encoding' => 'gzip, deflate',
  'accept-language' => 'zh-CN,zh;q=0.8',
  'cookie' => 'thinkphp_show_page_trace=0|0; pgv_pvi=8781605888',
)
[ info ] [ PARAM ] array (
)
[ info ] [ DB ] INIT sqlite
[ info ] [ RUN ] app\gen\Controller\ControllerCode->index[ F:\phpStudy\WWW\tp-code-gen\public\gen\application\gen\controller\ControllerCode.php ]
[ info ] [ DB ] INIT mysql
[ info ] [ SESSION ] INIT array (
  'id' => '',
  'var_session_id' => '',
  'prefix' => 'think',
  'type' => '',
  'auto_start' => true,
)
[ info ] [ VIEW ] F:\phpStudy\WWW\tp-code-gen\public\gen/application/gen\view\controller_code\index.html [ array (
  0 => 'pk',
  1 => 'trueTable',
  2 => 'tableNameList',
  3 => 'moduleNameList',
  4 => 'selectTableName',
  5 => 'db_prefix',
  6 => 'moduleName',
  7 => 'page_name',
  8 => 'menu_group',
) ]
[ info ] [ LOG ] INIT File
[ sql ] [ DB ] CONNECT:[ UseTime:0.000492s ] sqlite:./db/tph.db
[ sql ] [ SQL ] PRAGMA table_info( config ) [ RunTime:0.000342s ]
[ sql ] [ SQL ] SELECT value FROM config WHERE  name = 'projectPath' LIMIT 1 [ RunTime:0.000149s ]
[ sql ] [ SQL ] SELECT value FROM config WHERE  name = 'projectPath' LIMIT 1 [ RunTime:0.000159s ]
[ sql ] [ DB ] CONNECT:[ UseTime:0.002073s ] mysql:host=127.0.0.1;dbname=tp-code-gen;charset=utf8
[ sql ] [ SQL ] select table_name from information_schema.tables where table_schema='tp-code-gen' and table_type='base table' [ RunTime:0.000773s ]
[ sql ] [ SQL ] SELECT value FROM config WHERE  name = 'projectPath' LIMIT 1 [ RunTime:0.000279s ]
[ sql ] [ SQL ] SELECT value FROM config WHERE  name = 'moduleName' LIMIT 1 [ RunTime:0.000208s ]
---------------------------------------------------------------
[ 2019-01-07T16:05:27+08:00 ] 127.0.0.1 GET /gen/ModelCode/index
[ info ] code.com/gen/ModelCode/index [运行时间：0.053703s][吞吐率：18.62req/s] [内存消耗：2,383.73kb] [文件加载：49]
[ info ] [ LANG ] F:\phpStudy\WWW\tp-code-gen\thinkphp\lang\zh-cn.php
[ info ] [ BIND ] 'gen'
[ info ] [ ROUTE ] array (
  'type' => 'module',
  'module' => 
  array (
    0 => 'gen',
    1 => 'ModelCode',
    2 => 'index',
  ),
)
[ info ] [ HEADER ] array (
  'host' => 'code.com',
  'connection' => 'keep-alive',
  'upgrade-insecure-requests' => '1',
  'user-agent' => 'Mozilla/5.0 (Windows NT 10.0; WOW64) AppleWebKit/537.36 (KHTML, like Gecko) Chrome/56.0.2924.90 Safari/537.36 2345Explorer/9.5.2.18321',
  'accept' => 'text/html,application/xhtml+xml,application/xml;q=0.9,image/webp,*/*;q=0.8',
  'referer' => 'http://code.com/gen/ControllerCode',
  'accept-encoding' => 'gzip, deflate',
  'accept-language' => 'zh-CN,zh;q=0.8',
  'cookie' => 'thinkphp_show_page_trace=0|0; thinkphp_show_page_trace=0|0; pgv_pvi=8781605888; PHPSESSID=f765bk36qt51ki9ldb9t6mro71',
)
[ info ] [ PARAM ] array (
)
[ info ] [ DB ] INIT sqlite
[ info ] [ RUN ] app\gen\Controller\ModelCode->index[ F:\phpStudy\WWW\tp-code-gen\public\gen\application\gen\controller\ModelCode.php ]
[ info ] [ DB ] INIT mysql
[ info ] [ VIEW ] F:\phpStudy\WWW\tp-code-gen\public\gen/application/gen\view\model_code\index.html [ array (
  0 => 'pk',
  1 => 'trueTable',
  2 => 'db_prefix',
  3 => 'tableNameList',
  4 => 'moduleNameList',
  5 => 'moduleName',
  6 => 'page_name',
  7 => 'menu_group',
) ]
[ info ] [ LOG ] INIT File
[ sql ] [ DB ] CONNECT:[ UseTime:0.000436s ] sqlite:./db/tph.db
[ sql ] [ SQL ] PRAGMA table_info( config ) [ RunTime:0.000338s ]
[ sql ] [ SQL ] SELECT value FROM config WHERE  name = 'projectPath' LIMIT 1 [ RunTime:0.000147s ]
[ sql ] [ SQL ] SELECT value FROM config WHERE  name = 'projectPath' LIMIT 1 [ RunTime:0.000159s ]
[ sql ] [ DB ] CONNECT:[ UseTime:0.002050s ] mysql:host=127.0.0.1;dbname=tp-code-gen;charset=utf8
[ sql ] [ SQL ] select table_name from information_schema.tables where table_schema='tp-code-gen' and table_type='base table' [ RunTime:0.000792s ]
[ sql ] [ SQL ] SELECT value FROM config WHERE  name = 'projectPath' LIMIT 1 [ RunTime:0.000217s ]
[ sql ] [ SQL ] SELECT value FROM config WHERE  name = 'moduleName' LIMIT 1 [ RunTime:0.000154s ]
---------------------------------------------------------------
[ 2019-01-07T16:05:29+08:00 ] 127.0.0.1 GET /gen/ModelCode/index
[ info ] code.com/gen/ModelCode/index [运行时间：0.060814s][吞吐率：16.44req/s] [内存消耗：2,383.98kb] [文件加载：49]
[ info ] [ LANG ] F:\phpStudy\WWW\tp-code-gen\thinkphp\lang\zh-cn.php
[ info ] [ BIND ] 'gen'
[ info ] [ ROUTE ] array (
  'type' => 'module',
  'module' => 
  array (
    0 => 'gen',
    1 => 'ModelCode',
    2 => 'index',
  ),
)
[ info ] [ HEADER ] array (
  'host' => 'code.com',
  'connection' => 'keep-alive',
  'cache-control' => 'max-age=0',
  'upgrade-insecure-requests' => '1',
  'user-agent' => 'Mozilla/5.0 (Windows NT 10.0; WOW64) AppleWebKit/537.36 (KHTML, like Gecko) Chrome/56.0.2924.90 Safari/537.36 2345Explorer/9.5.2.18321',
  'accept' => 'text/html,application/xhtml+xml,application/xml;q=0.9,image/webp,*/*;q=0.8',
  'referer' => 'http://code.com/gen/ControllerCode',
  'accept-encoding' => 'gzip, deflate',
  'accept-language' => 'zh-CN,zh;q=0.8',
  'cookie' => 'thinkphp_show_page_trace=0|0; thinkphp_show_page_trace=0|0; pgv_pvi=8781605888; PHPSESSID=f765bk36qt51ki9ldb9t6mro71',
)
[ info ] [ PARAM ] array (
)
[ info ] [ DB ] INIT sqlite
[ info ] [ RUN ] app\gen\Controller\ModelCode->index[ F:\phpStudy\WWW\tp-code-gen\public\gen\application\gen\controller\ModelCode.php ]
[ info ] [ DB ] INIT mysql
[ info ] [ VIEW ] F:\phpStudy\WWW\tp-code-gen\public\gen/application/gen\view\model_code\index.html [ array (
  0 => 'pk',
  1 => 'trueTable',
  2 => 'db_prefix',
  3 => 'tableNameList',
  4 => 'moduleNameList',
  5 => 'moduleName',
  6 => 'page_name',
  7 => 'menu_group',
) ]
[ info ] [ LOG ] INIT File
[ sql ] [ DB ] CONNECT:[ UseTime:0.000457s ] sqlite:./db/tph.db
[ sql ] [ SQL ] PRAGMA table_info( config ) [ RunTime:0.000348s ]
[ sql ] [ SQL ] SELECT value FROM config WHERE  name = 'projectPath' LIMIT 1 [ RunTime:0.000228s ]
[ sql ] [ SQL ] SELECT value FROM config WHERE  name = 'projectPath' LIMIT 1 [ RunTime:0.000229s ]
[ sql ] [ DB ] CONNECT:[ UseTime:0.002057s ] mysql:host=127.0.0.1;dbname=tp-code-gen;charset=utf8
[ sql ] [ SQL ] select table_name from information_schema.tables where table_schema='tp-code-gen' and table_type='base table' [ RunTime:0.000800s ]
[ sql ] [ SQL ] SELECT value FROM config WHERE  name = 'projectPath' LIMIT 1 [ RunTime:0.000222s ]
[ sql ] [ SQL ] SELECT value FROM config WHERE  name = 'moduleName' LIMIT 1 [ RunTime:0.000210s ]
---------------------------------------------------------------
[ 2019-01-07T16:05:29+08:00 ] 127.0.0.1 GET /gen/ModelCode/index
[ info ] code.com/gen/ModelCode/index [运行时间：0.052391s][吞吐率：19.09req/s] [内存消耗：2,383.98kb] [文件加载：49]
[ info ] [ LANG ] F:\phpStudy\WWW\tp-code-gen\thinkphp\lang\zh-cn.php
[ info ] [ BIND ] 'gen'
[ info ] [ ROUTE ] array (
  'type' => 'module',
  'module' => 
  array (
    0 => 'gen',
    1 => 'ModelCode',
    2 => 'index',
  ),
)
[ info ] [ HEADER ] array (
  'host' => 'code.com',
  'connection' => 'keep-alive',
  'cache-control' => 'max-age=0',
  'upgrade-insecure-requests' => '1',
  'user-agent' => 'Mozilla/5.0 (Windows NT 10.0; WOW64) AppleWebKit/537.36 (KHTML, like Gecko) Chrome/56.0.2924.90 Safari/537.36 2345Explorer/9.5.2.18321',
  'accept' => 'text/html,application/xhtml+xml,application/xml;q=0.9,image/webp,*/*;q=0.8',
  'referer' => 'http://code.com/gen/ControllerCode',
  'accept-encoding' => 'gzip, deflate',
  'accept-language' => 'zh-CN,zh;q=0.8',
  'cookie' => 'thinkphp_show_page_trace=0|0; thinkphp_show_page_trace=0|0; pgv_pvi=8781605888; PHPSESSID=f765bk36qt51ki9ldb9t6mro71',
)
[ info ] [ PARAM ] array (
)
[ info ] [ DB ] INIT sqlite
[ info ] [ RUN ] app\gen\Controller\ModelCode->index[ F:\phpStudy\WWW\tp-code-gen\public\gen\application\gen\controller\ModelCode.php ]
[ info ] [ DB ] INIT mysql
[ info ] [ VIEW ] F:\phpStudy\WWW\tp-code-gen\public\gen/application/gen\view\model_code\index.html [ array (
  0 => 'pk',
  1 => 'trueTable',
  2 => 'db_prefix',
  3 => 'tableNameList',
  4 => 'moduleNameList',
  5 => 'moduleName',
  6 => 'page_name',
  7 => 'menu_group',
) ]
[ info ] [ LOG ] INIT File
[ sql ] [ DB ] CONNECT:[ UseTime:0.000433s ] sqlite:./db/tph.db
[ sql ] [ SQL ] PRAGMA table_info( config ) [ RunTime:0.000349s ]
[ sql ] [ SQL ] SELECT value FROM config WHERE  name = 'projectPath' LIMIT 1 [ RunTime:0.000152s ]
[ sql ] [ SQL ] SELECT value FROM config WHERE  name = 'projectPath' LIMIT 1 [ RunTime:0.000162s ]
[ sql ] [ DB ] CONNECT:[ UseTime:0.001958s ] mysql:host=127.0.0.1;dbname=tp-code-gen;charset=utf8
[ sql ] [ SQL ] select table_name from information_schema.tables where table_schema='tp-code-gen' and table_type='base table' [ RunTime:0.000829s ]
[ sql ] [ SQL ] SELECT value FROM config WHERE  name = 'projectPath' LIMIT 1 [ RunTime:0.000280s ]
[ sql ] [ SQL ] SELECT value FROM config WHERE  name = 'moduleName' LIMIT 1 [ RunTime:0.000207s ]
---------------------------------------------------------------
[ 2019-01-07T16:05:30+08:00 ] 127.0.0.1 GET /gen/ModelCode/index
[ info ] code.com/gen/ModelCode/index [运行时间：0.056587s][吞吐率：17.67req/s] [内存消耗：2,384.26kb] [文件加载：49]
[ info ] [ LANG ] F:\phpStudy\WWW\tp-code-gen\thinkphp\lang\zh-cn.php
[ info ] [ BIND ] 'gen'
[ info ] [ ROUTE ] array (
  'type' => 'module',
  'module' => 
  array (
    0 => 'gen',
    1 => 'ModelCode',
    2 => 'index',
  ),
)
[ info ] [ HEADER ] array (
  'host' => 'code.com',
  'connection' => 'keep-alive',
  'pragma' => 'no-cache',
  'cache-control' => 'no-cache',
  'upgrade-insecure-requests' => '1',
  'user-agent' => 'Mozilla/5.0 (Windows NT 10.0; WOW64) AppleWebKit/537.36 (KHTML, like Gecko) Chrome/56.0.2924.90 Safari/537.36 2345Explorer/9.5.2.18321',
  'accept' => 'text/html,application/xhtml+xml,application/xml;q=0.9,image/webp,*/*;q=0.8',
  'referer' => 'http://code.com/gen/ControllerCode',
  'accept-encoding' => 'gzip, deflate',
  'accept-language' => 'zh-CN,zh;q=0.8',
  'cookie' => 'thinkphp_show_page_trace=0|0; thinkphp_show_page_trace=0|0; pgv_pvi=8781605888; PHPSESSID=f765bk36qt51ki9ldb9t6mro71',
)
[ info ] [ PARAM ] array (
)
[ info ] [ DB ] INIT sqlite
[ info ] [ RUN ] app\gen\Controller\ModelCode->index[ F:\phpStudy\WWW\tp-code-gen\public\gen\application\gen\controller\ModelCode.php ]
[ info ] [ DB ] INIT mysql
[ info ] [ VIEW ] F:\phpStudy\WWW\tp-code-gen\public\gen/application/gen\view\model_code\index.html [ array (
  0 => 'pk',
  1 => 'trueTable',
  2 => 'db_prefix',
  3 => 'tableNameList',
  4 => 'moduleNameList',
  5 => 'moduleName',
  6 => 'page_name',
  7 => 'menu_group',
) ]
[ info ] [ LOG ] INIT File
[ sql ] [ DB ] CONNECT:[ UseTime:0.000452s ] sqlite:./db/tph.db
[ sql ] [ SQL ] PRAGMA table_info( config ) [ RunTime:0.000339s ]
[ sql ] [ SQL ] SELECT value FROM config WHERE  name = 'projectPath' LIMIT 1 [ RunTime:0.000145s ]
[ sql ] [ SQL ] SELECT value FROM config WHERE  name = 'projectPath' LIMIT 1 [ RunTime:0.000241s ]
[ sql ] [ DB ] CONNECT:[ UseTime:0.003107s ] mysql:host=127.0.0.1;dbname=tp-code-gen;charset=utf8
[ sql ] [ SQL ] select table_name from information_schema.tables where table_schema='tp-code-gen' and table_type='base table' [ RunTime:0.000852s ]
[ sql ] [ SQL ] SELECT value FROM config WHERE  name = 'projectPath' LIMIT 1 [ RunTime:0.000223s ]
[ sql ] [ SQL ] SELECT value FROM config WHERE  name = 'moduleName' LIMIT 1 [ RunTime:0.000152s ]
---------------------------------------------------------------
[ 2019-01-07T16:05:30+08:00 ] 127.0.0.1 GET /gen/ModelCode/index
[ info ] code.com/gen/ModelCode/index [运行时间：0.081452s][吞吐率：12.28req/s] [内存消耗：2,383.98kb] [文件加载：49]
[ info ] [ LANG ] F:\phpStudy\WWW\tp-code-gen\thinkphp\lang\zh-cn.php
[ info ] [ BIND ] 'gen'
[ info ] [ ROUTE ] array (
  'type' => 'module',
  'module' => 
  array (
    0 => 'gen',
    1 => 'ModelCode',
    2 => 'index',
  ),
)
[ info ] [ HEADER ] array (
  'host' => 'code.com',
  'connection' => 'keep-alive',
  'cache-control' => 'max-age=0',
  'upgrade-insecure-requests' => '1',
  'user-agent' => 'Mozilla/5.0 (Windows NT 10.0; WOW64) AppleWebKit/537.36 (KHTML, like Gecko) Chrome/56.0.2924.90 Safari/537.36 2345Explorer/9.5.2.18321',
  'accept' => 'text/html,application/xhtml+xml,application/xml;q=0.9,image/webp,*/*;q=0.8',
  'referer' => 'http://code.com/gen/ControllerCode',
  'accept-encoding' => 'gzip, deflate',
  'accept-language' => 'zh-CN,zh;q=0.8',
  'cookie' => 'thinkphp_show_page_trace=0|0; thinkphp_show_page_trace=0|0; pgv_pvi=8781605888; PHPSESSID=f765bk36qt51ki9ldb9t6mro71',
)
[ info ] [ PARAM ] array (
)
[ info ] [ DB ] INIT sqlite
[ info ] [ RUN ] app\gen\Controller\ModelCode->index[ F:\phpStudy\WWW\tp-code-gen\public\gen\application\gen\controller\ModelCode.php ]
[ info ] [ DB ] INIT mysql
[ info ] [ VIEW ] F:\phpStudy\WWW\tp-code-gen\public\gen/application/gen\view\model_code\index.html [ array (
  0 => 'pk',
  1 => 'trueTable',
  2 => 'db_prefix',
  3 => 'tableNameList',
  4 => 'moduleNameList',
  5 => 'moduleName',
  6 => 'page_name',
  7 => 'menu_group',
) ]
[ info ] [ LOG ] INIT File
[ sql ] [ DB ] CONNECT:[ UseTime:0.000915s ] sqlite:./db/tph.db
[ sql ] [ SQL ] PRAGMA table_info( config ) [ RunTime:0.000601s ]
[ sql ] [ SQL ] SELECT value FROM config WHERE  name = 'projectPath' LIMIT 1 [ RunTime:0.000244s ]
[ sql ] [ SQL ] SELECT value FROM config WHERE  name = 'projectPath' LIMIT 1 [ RunTime:0.000254s ]
[ sql ] [ DB ] CONNECT:[ UseTime:0.002147s ] mysql:host=127.0.0.1;dbname=tp-code-gen;charset=utf8
[ sql ] [ SQL ] select table_name from information_schema.tables where table_schema='tp-code-gen' and table_type='base table' [ RunTime:0.000777s ]
[ sql ] [ SQL ] SELECT value FROM config WHERE  name = 'projectPath' LIMIT 1 [ RunTime:0.000227s ]
[ sql ] [ SQL ] SELECT value FROM config WHERE  name = 'moduleName' LIMIT 1 [ RunTime:0.000149s ]
---------------------------------------------------------------
[ 2019-01-07T16:05:31+08:00 ] 127.0.0.1 GET /gen/ModelCode/index2
[ info ] code.com/gen/ModelCode/index2 [运行时间：0.058492s][吞吐率：17.10req/s] [内存消耗：2,336.62kb] [文件加载：50]
[ info ] [ LANG ] F:\phpStudy\WWW\tp-code-gen\thinkphp\lang\zh-cn.php
[ info ] [ BIND ] 'gen'
[ info ] [ ROUTE ] array (
  'type' => 'module',
  'module' => 
  array (
    0 => 'gen',
    1 => 'ModelCode',
    2 => 'index2',
  ),
)
[ info ] [ HEADER ] array (
  'host' => 'code.com',
  'connection' => 'keep-alive',
  'upgrade-insecure-requests' => '1',
  'user-agent' => 'Mozilla/5.0 (Windows NT 10.0; WOW64) AppleWebKit/537.36 (KHTML, like Gecko) Chrome/56.0.2924.90 Safari/537.36 2345Explorer/9.5.2.18321',
  'accept' => 'text/html,application/xhtml+xml,application/xml;q=0.9,image/webp,*/*;q=0.8',
  'referer' => 'http://code.com/gen/ModelCode/index',
  'accept-encoding' => 'gzip, deflate',
  'accept-language' => 'zh-CN,zh;q=0.8',
  'cookie' => 'thinkphp_show_page_trace=0|0; thinkphp_show_page_trace=0|0; pgv_pvi=8781605888; PHPSESSID=f765bk36qt51ki9ldb9t6mro71',
)
[ info ] [ PARAM ] array (
)
[ info ] [ DB ] INIT sqlite
[ info ] [ RUN ] app\gen\Controller\ModelCode->index2[ F:\phpStudy\WWW\tp-code-gen\public\gen\application\gen\controller\ModelCode.php ]
[ info ] [ DB ] INIT mysql
[ info ] [ LOG ] INIT File
[ sql ] [ DB ] CONNECT:[ UseTime:0.000335s ] sqlite:./db/tph.db
[ sql ] [ SQL ] PRAGMA table_info( config ) [ RunTime:0.000331s ]
[ sql ] [ SQL ] SELECT value FROM config WHERE  name = 'projectPath' LIMIT 1 [ RunTime:0.000143s ]
[ sql ] [ SQL ] SELECT value FROM config WHERE  name = 'projectPath' LIMIT 1 [ RunTime:0.000158s ]
[ sql ] [ DB ] CONNECT:[ UseTime:0.002224s ] mysql:host=127.0.0.1;dbname=tp-code-gen;charset=utf8
[ sql ] [ SQL ] select table_name from information_schema.tables where table_schema='tp-code-gen' and table_type='base table' [ RunTime:0.000817s ]
[ sql ] [ SQL ] SELECT value FROM config WHERE  name = 'projectPath' LIMIT 1 [ RunTime:0.000215s ]
[ sql ] [ SQL ] SELECT value FROM config WHERE  name = 'moduleName' LIMIT 1 [ RunTime:0.000152s ]
[ error ] [0]模板文件不存在:F:\phpStudy\WWW\tp-code-gen\public\gen/application/gen\view\\ModelCode\index2.html[F:\phpStudy\WWW\tp-code-gen\thinkphp\library\think\view\driver\Think.php:82]
---------------------------------------------------------------
[ 2019-01-07T16:05:33+08:00 ] 127.0.0.1 GET /gen/ProjectConfig/index
[ info ] code.com/gen/ProjectConfig/index [运行时间：0.070392s][吞吐率：14.21req/s] [内存消耗：2,340.02kb] [文件加载：51]
[ info ] [ LANG ] F:\phpStudy\WWW\tp-code-gen\thinkphp\lang\zh-cn.php
[ info ] [ BIND ] 'gen'
[ info ] [ ROUTE ] array (
  'type' => 'module',
  'module' => 
  array (
    0 => 'gen',
    1 => 'ProjectConfig',
    2 => 'index',
  ),
)
[ info ] [ HEADER ] array (
  'host' => 'code.com',
  'connection' => 'keep-alive',
  'upgrade-insecure-requests' => '1',
  'user-agent' => 'Mozilla/5.0 (Windows NT 10.0; WOW64) AppleWebKit/537.36 (KHTML, like Gecko) Chrome/56.0.2924.90 Safari/537.36 2345Explorer/9.5.2.18321',
  'accept' => 'text/html,application/xhtml+xml,application/xml;q=0.9,image/webp,*/*;q=0.8',
  'referer' => 'http://code.com/gen/ModelCode/index',
  'accept-encoding' => 'gzip, deflate',
  'accept-language' => 'zh-CN,zh;q=0.8',
  'cookie' => 'thinkphp_show_page_trace=0|0; pgv_pvi=8781605888; PHPSESSID=f765bk36qt51ki9ldb9t6mro71',
)
[ info ] [ PARAM ] array (
)
[ info ] [ DB ] INIT sqlite
[ info ] [ RUN ] app\gen\Controller\ProjectConfig->index[ F:\phpStudy\WWW\tp-code-gen\public\gen\application\gen\controller\ProjectConfig.php ]
[ info ] [ DB ] INIT mysql
[ info ] [ LOG ] INIT File
[ sql ] [ DB ] CONNECT:[ UseTime:0.000455s ] sqlite:./db/tph.db
[ sql ] [ SQL ] PRAGMA table_info( config ) [ RunTime:0.000335s ]
[ sql ] [ SQL ] SELECT value FROM config WHERE  name = 'projectPath' LIMIT 1 [ RunTime:0.000153s ]
[ sql ] [ SQL ] SELECT value FROM config WHERE  name = 'projectPath' LIMIT 1 [ RunTime:0.000164s ]
[ sql ] [ SQL ] SELECT * FROM config [ RunTime:0.000153s ]
[ sql ] [ DB ] CONNECT:[ UseTime:0.002176s ] mysql:host=127.0.0.1;dbname=tp-code-gen;charset=utf8
[ sql ] [ SQL ] select table_name from information_schema.tables where table_schema='tp-code-gen' and table_type='base table' [ RunTime:0.000879s ]
[ sql ] [ SQL ] SELECT value FROM config WHERE  name = 'projectPath' LIMIT 1 [ RunTime:0.000229s ]
[ error ] [0]模板文件不存在:F:\phpStudy\WWW\tp-code-gen\public\gen/application/gen\view\ProjectConfig\index.html[F:\phpStudy\WWW\tp-code-gen\thinkphp\library\think\view\driver\Think.php:82]
---------------------------------------------------------------
[ 2019-01-07T16:05:36+08:00 ] 127.0.0.1 GET /gen/ProjectConfig/formConfig
[ info ] code.com/gen/ProjectConfig/formConfig [运行时间：0.055299s][吞吐率：18.08req/s] [内存消耗：2,279.96kb] [文件加载：50]
[ info ] [ LANG ] F:\phpStudy\WWW\tp-code-gen\thinkphp\lang\zh-cn.php
[ info ] [ BIND ] 'gen'
[ info ] [ ROUTE ] array (
  'type' => 'module',
  'module' => 
  array (
    0 => 'gen',
    1 => 'ProjectConfig',
    2 => 'formConfig',
  ),
)
[ info ] [ HEADER ] array (
  'host' => 'code.com',
  'connection' => 'keep-alive',
  'upgrade-insecure-requests' => '1',
  'user-agent' => 'Mozilla/5.0 (Windows NT 10.0; WOW64) AppleWebKit/537.36 (KHTML, like Gecko) Chrome/56.0.2924.90 Safari/537.36 2345Explorer/9.5.2.18321',
  'accept' => 'text/html,application/xhtml+xml,application/xml;q=0.9,image/webp,*/*;q=0.8',
  'referer' => 'http://code.com/gen/ModelCode/index',
  'accept-encoding' => 'gzip, deflate',
  'accept-language' => 'zh-CN,zh;q=0.8',
  'cookie' => 'thinkphp_show_page_trace=0|0; thinkphp_show_page_trace=0|0; pgv_pvi=8781605888; PHPSESSID=f765bk36qt51ki9ldb9t6mro71',
)
[ info ] [ PARAM ] array (
)
[ info ] [ DB ] INIT sqlite
[ info ] [ RUN ] app\gen\Controller\ProjectConfig->formConfig[ F:\phpStudy\WWW\tp-code-gen\public\gen\application\gen\controller\ProjectConfig.php ]
[ info ] [ DB ] INIT mysql
[ info ] [ LOG ] INIT File
[ sql ] [ DB ] CONNECT:[ UseTime:0.000620s ] sqlite:./db/tph.db
[ sql ] [ SQL ] PRAGMA table_info( config ) [ RunTime:0.000430s ]
[ sql ] [ SQL ] SELECT value FROM config WHERE  name = 'projectPath' LIMIT 1 [ RunTime:0.000179s ]
[ sql ] [ SQL ] SELECT value FROM config WHERE  name = 'projectPath' LIMIT 1 [ RunTime:0.000222s ]
[ sql ] [ DB ] CONNECT:[ UseTime:0.001920s ] mysql:host=127.0.0.1;dbname=tp-code-gen;charset=utf8
[ sql ] [ SQL ] select table_name from information_schema.tables where table_schema='tp-code-gen' and table_type='base table' [ RunTime:0.000808s ]
[ error ] [0]模板文件不存在:F:\phpStudy\WWW\tp-code-gen\public\gen/application/gen\view\ProjectConfig\formConfig.html[F:\phpStudy\WWW\tp-code-gen\thinkphp\library\think\view\driver\Think.php:82]
