---------------------------------------------------------------
[ 2019-01-08T09:01:52+08:00 ] 127.0.0.1 GET /gen/ModelCode/index
[ info ] code.com/gen/ModelCode/index [运行时间：6.548011s][吞吐率：0.15req/s] [内存消耗：2,383.11kb] [文件加载：49]
[ info ] [ LANG ] F:\phpStudy\WWW\tp-code-gen\thinkphp\lang\zh-cn.php
[ info ] [ BIND ] 'gen'
[ info ] [ ROUTE ] array (
  'type' => 'module',
  'module' => 
  array (
    0 => 'gen',
    1 => 'ModelCode',
    2 => 'index',
  ),
)
[ info ] [ HEADER ] array (
  'host' => 'code.com',
  'connection' => 'keep-alive',
  'upgrade-insecure-requests' => '1',
  'user-agent' => 'Mozilla/5.0 (Windows NT 10.0; WOW64) AppleWebKit/537.36 (KHTML, like Gecko) Chrome/56.0.2924.90 Safari/537.36 2345Explorer/9.5.2.18321',
  'accept' => 'text/html,application/xhtml+xml,application/xml;q=0.9,image/webp,*/*;q=0.8',
  'accept-encoding' => 'gzip, deflate',
  'accept-language' => 'zh-CN,zh;q=0.8',
  'cookie' => 'pgv_pvi=8781605888',
)
[ info ] [ PARAM ] array (
)
[ info ] [ DB ] INIT sqlite
[ info ] [ RUN ] app\gen\Controller\ModelCode->index[ F:\phpStudy\WWW\tp-code-gen\public\gen\application\gen\controller\ModelCode.php ]
[ info ] [ DB ] INIT mysql
[ info ] [ VIEW ] F:\phpStudy\WWW\tp-code-gen\public\gen/application/gen\view\model_code\index.html [ array (
  0 => 'pk',
  1 => 'trueTable',
  2 => 'db_prefix',
  3 => 'tableNameList',
  4 => 'moduleNameList',
  5 => 'moduleName',
  6 => 'page_name',
  7 => 'menu_group',
) ]
[ info ] [ LOG ] INIT File
[ sql ] [ DB ] CONNECT:[ UseTime:0.218658s ] sqlite:./db/tph.db
[ sql ] [ SQL ] PRAGMA table_info( config ) [ RunTime:0.011053s ]
[ sql ] [ SQL ] SELECT value FROM config WHERE  name = 'projectPath' LIMIT 1 [ RunTime:0.000229s ]
[ sql ] [ SQL ] SELECT value FROM config WHERE  name = 'projectPath' LIMIT 1 [ RunTime:0.000334s ]
[ sql ] [ DB ] CONNECT:[ UseTime:0.179461s ] mysql:host=127.0.0.1;dbname=tp-code-gen;charset=utf8
[ sql ] [ SQL ] select table_name from information_schema.tables where table_schema='tp-code-gen' and table_type='base table' [ RunTime:0.557750s ]
[ sql ] [ SQL ] SELECT value FROM config WHERE  name = 'projectPath' LIMIT 1 [ RunTime:0.000566s ]
[ sql ] [ SQL ] SELECT value FROM config WHERE  name = 'moduleName' LIMIT 1 [ RunTime:0.000446s ]
---------------------------------------------------------------
[ 2019-01-08T17:34:53+08:00 ] 127.0.0.1 GET /gen/ModelCode/index
[ info ] code.com/gen/ModelCode/index [运行时间：0.130088s][吞吐率：7.69req/s] [内存消耗：2,383.12kb] [文件加载：49]
[ info ] [ LANG ] F:\phpStudy\WWW\tp-code-gen\thinkphp\lang\zh-cn.php
[ info ] [ BIND ] 'gen'
[ info ] [ ROUTE ] array (
  'type' => 'module',
  'module' => 
  array (
    0 => 'gen',
    1 => 'ModelCode',
    2 => 'index',
  ),
)
[ info ] [ HEADER ] array (
  'host' => 'code.com',
  'connection' => 'keep-alive',
  'upgrade-insecure-requests' => '1',
  'user-agent' => 'Mozilla/5.0 (Windows NT 10.0; WOW64) AppleWebKit/537.36 (KHTML, like Gecko) Chrome/56.0.2924.90 Safari/537.36 2345Explorer/9.5.2.18321',
  'accept' => 'text/html,application/xhtml+xml,application/xml;q=0.9,image/webp,*/*;q=0.8',
  'accept-encoding' => 'gzip, deflate',
  'accept-language' => 'zh-CN,zh;q=0.8',
  'cookie' => 'pgv_pvi=8781605888',
)
[ info ] [ PARAM ] array (
)
[ info ] [ DB ] INIT sqlite
[ info ] [ RUN ] app\gen\Controller\ModelCode->index[ F:\phpStudy\WWW\tp-code-gen\public\gen\application\gen\controller\ModelCode.php ]
[ info ] [ DB ] INIT mysql
[ info ] [ VIEW ] F:\phpStudy\WWW\tp-code-gen\public\gen/application/gen\view\model_code\index.html [ array (
  0 => 'pk',
  1 => 'trueTable',
  2 => 'db_prefix',
  3 => 'tableNameList',
  4 => 'moduleNameList',
  5 => 'moduleName',
  6 => 'page_name',
  7 => 'menu_group',
) ]
[ info ] [ LOG ] INIT File
[ sql ] [ DB ] CONNECT:[ UseTime:0.000784s ] sqlite:./db/tph.db
[ sql ] [ SQL ] PRAGMA table_info( config ) [ RunTime:0.000599s ]
[ sql ] [ SQL ] SELECT value FROM config WHERE  name = 'projectPath' LIMIT 1 [ RunTime:0.000379s ]
[ sql ] [ SQL ] SELECT value FROM config WHERE  name = 'projectPath' LIMIT 1 [ RunTime:0.000345s ]
[ sql ] [ DB ] CONNECT:[ UseTime:0.003922s ] mysql:host=127.0.0.1;dbname=tp-code-gen;charset=utf8
[ sql ] [ SQL ] select table_name from information_schema.tables where table_schema='tp-code-gen' and table_type='base table' [ RunTime:0.002602s ]
[ sql ] [ SQL ] SELECT value FROM config WHERE  name = 'projectPath' LIMIT 1 [ RunTime:0.000409s ]
[ sql ] [ SQL ] SELECT value FROM config WHERE  name = 'moduleName' LIMIT 1 [ RunTime:0.000331s ]
